This is pdfTeX, Version 3.1415926-2.3-1.40.12 (MiKTeX 2.9) (preloaded format=pdflatex 2012.1.23)  8 MAR 2012 14:23
entering extended mode
**elt4.tex elt4.tex
(C:\Users\dkoeppel.VIRTUALNETWORKS\git\ELT4\elt4.tex
LaTeX2e <2011/06/27>
Babel <v3.8m> and hyphenation patterns for english, afrikaans, ancientgreek, ar
abic, armenian, assamese, basque, bengali, bokmal, bulgarian, catalan, coptic, 
croatian, czech, danish, dutch, esperanto, estonian, farsi, finnish, french, ga
lician, german, german-x-2009-06-19, greek, gujarati, hindi, hungarian, iceland
ic, indonesian, interlingua, irish, italian, kannada, kurmanji, lao, latin, lat
vian, lithuanian, malayalam, marathi, mongolian, mongolianlmc, monogreek, ngerm
an, ngerman-x-2009-06-19, nynorsk, oriya, panjabi, pinyin, polish, portuguese, 
romanian, russian, sanskrit, serbian, slovak, slovenian, spanish, swedish, swis
sgerman, tamil, telugu, turkish, turkmen, ukenglish, ukrainian, uppersorbian, u
senglishmax, welsh, loaded.
\@input{header.aux}
(C:\Users\dkoeppel.VIRTUALNETWORKS\git\ELT4\header.tex
("C:\Program Files (x86)\MiKTeX 2.9\tex\latex\base\article.cls"
Document Class: article 2007/10/19 v1.4h Standard LaTeX document class
("C:\Program Files (x86)\MiKTeX 2.9\tex\latex\base\fleqn.clo"
File: fleqn.clo 1998/08/17 v1.1c Standard LaTeX option (flush left equations)
\mathindent=\dimen102
)
("C:\Program Files (x86)\MiKTeX 2.9\tex\latex\base\size10.clo"
File: size10.clo 2007/10/19 v1.4h Standard LaTeX file (size option)
)
\c@part=\count79
\c@section=\count80
\c@subsection=\count81
\c@subsubsection=\count82
\c@paragraph=\count83
\c@subparagraph=\count84
\c@figure=\count85
\c@table=\count86
\abovecaptionskip=\skip41
\belowcaptionskip=\skip42
\bibindent=\dimen103
)
("C:\Program Files (x86)\MiKTeX 2.9\tex\latex\base\inputenc.sty"
Package: inputenc 2008/03/30 v1.1d Input encoding file
\inpenc@prehook=\toks14
\inpenc@posthook=\toks15

("C:\Program Files (x86)\MiKTeX 2.9\tex\latex\base\utf8.def"
File: utf8.def 2008/04/05 v1.1m UTF-8 support for inputenc
Now handling font encoding OML ...
... no UTF-8 mapping file for font encoding OML
Now handling font encoding T1 ...
... processing UTF-8 mapping file for font encoding T1

("C:\Program Files (x86)\MiKTeX 2.9\tex\latex\base\t1enc.dfu"
File: t1enc.dfu 2008/04/05 v1.1m UTF-8 support for inputenc
   defining Unicode char U+00A1 (decimal 161)
   defining Unicode char U+00A3 (decimal 163)
   defining Unicode char U+00AB (decimal 171)
   defining Unicode char U+00BB (decimal 187)
   defining Unicode char U+00BF (decimal 191)
   defining Unicode char U+00C0 (decimal 192)
   defining Unicode char U+00C1 (decimal 193)
   defining Unicode char U+00C2 (decimal 194)
   defining Unicode char U+00C3 (decimal 195)
   defining Unicode char U+00C4 (decimal 196)
   defining Unicode char U+00C5 (decimal 197)
   defining Unicode char U+00C6 (decimal 198)
   defining Unicode char U+00C7 (decimal 199)
   defining Unicode char U+00C8 (decimal 200)
   defining Unicode char U+00C9 (decimal 201)
   defining Unicode char U+00CA (decimal 202)
   defining Unicode char U+00CB (decimal 203)
   defining Unicode char U+00CC (decimal 204)
   defining Unicode char U+00CD (decimal 205)
   defining Unicode char U+00CE (decimal 206)
   defining Unicode char U+00CF (decimal 207)
   defining Unicode char U+00D0 (decimal 208)
   defining Unicode char U+00D1 (decimal 209)
   defining Unicode char U+00D2 (decimal 210)
   defining Unicode char U+00D3 (decimal 211)
   defining Unicode char U+00D4 (decimal 212)
   defining Unicode char U+00D5 (decimal 213)
   defining Unicode char U+00D6 (decimal 214)
   defining Unicode char U+00D8 (decimal 216)
   defining Unicode char U+00D9 (decimal 217)
   defining Unicode char U+00DA (decimal 218)
   defining Unicode char U+00DB (decimal 219)
   defining Unicode char U+00DC (decimal 220)
   defining Unicode char U+00DD (decimal 221)
   defining Unicode char U+00DE (decimal 222)
   defining Unicode char U+00DF (decimal 223)
   defining Unicode char U+00E0 (decimal 224)
   defining Unicode char U+00E1 (decimal 225)
   defining Unicode char U+00E2 (decimal 226)
   defining Unicode char U+00E3 (decimal 227)
   defining Unicode char U+00E4 (decimal 228)
   defining Unicode char U+00E5 (decimal 229)
   defining Unicode char U+00E6 (decimal 230)
   defining Unicode char U+00E7 (decimal 231)
   defining Unicode char U+00E8 (decimal 232)
   defining Unicode char U+00E9 (decimal 233)
   defining Unicode char U+00EA (decimal 234)
   defining Unicode char U+00EB (decimal 235)
   defining Unicode char U+00EC (decimal 236)
   defining Unicode char U+00ED (decimal 237)
   defining Unicode char U+00EE (decimal 238)
   defining Unicode char U+00EF (decimal 239)
   defining Unicode char U+00F0 (decimal 240)
   defining Unicode char U+00F1 (decimal 241)
   defining Unicode char U+00F2 (decimal 242)
   defining Unicode char U+00F3 (decimal 243)
   defining Unicode char U+00F4 (decimal 244)
   defining Unicode char U+00F5 (decimal 245)
   defining Unicode char U+00F6 (decimal 246)
   defining Unicode char U+00F8 (decimal 248)
   defining Unicode char U+00F9 (decimal 249)
   defining Unicode char U+00FA (decimal 250)
   defining Unicode char U+00FB (decimal 251)
   defining Unicode char U+00FC (decimal 252)
   defining Unicode char U+00FD (decimal 253)
   defining Unicode char U+00FE (decimal 254)
   defining Unicode char U+00FF (decimal 255)
   defining Unicode char U+0102 (decimal 258)
   defining Unicode char U+0103 (decimal 259)
   defining Unicode char U+0104 (decimal 260)
   defining Unicode char U+0105 (decimal 261)
   defining Unicode char U+0106 (decimal 262)
   defining Unicode char U+0107 (decimal 263)
   defining Unicode char U+010C (decimal 268)
   defining Unicode char U+010D (decimal 269)
   defining Unicode char U+010E (decimal 270)
   defining Unicode char U+010F (decimal 271)
   defining Unicode char U+0110 (decimal 272)
   defining Unicode char U+0111 (decimal 273)
   defining Unicode char U+0118 (decimal 280)
   defining Unicode char U+0119 (decimal 281)
   defining Unicode char U+011A (decimal 282)
   defining Unicode char U+011B (decimal 283)
   defining Unicode char U+011E (decimal 286)
   defining Unicode char U+011F (decimal 287)
   defining Unicode char U+0130 (decimal 304)
   defining Unicode char U+0131 (decimal 305)
   defining Unicode char U+0132 (decimal 306)
   defining Unicode char U+0133 (decimal 307)
   defining Unicode char U+0139 (decimal 313)
   defining Unicode char U+013A (decimal 314)
   defining Unicode char U+013D (decimal 317)
   defining Unicode char U+013E (decimal 318)
   defining Unicode char U+0141 (decimal 321)
   defining Unicode char U+0142 (decimal 322)
   defining Unicode char U+0143 (decimal 323)
   defining Unicode char U+0144 (decimal 324)
   defining Unicode char U+0147 (decimal 327)
   defining Unicode char U+0148 (decimal 328)
   defining Unicode char U+014A (decimal 330)
   defining Unicode char U+014B (decimal 331)
   defining Unicode char U+0150 (decimal 336)
   defining Unicode char U+0151 (decimal 337)
   defining Unicode char U+0152 (decimal 338)
   defining Unicode char U+0153 (decimal 339)
   defining Unicode char U+0154 (decimal 340)
   defining Unicode char U+0155 (decimal 341)
   defining Unicode char U+0158 (decimal 344)
   defining Unicode char U+0159 (decimal 345)
   defining Unicode char U+015A (decimal 346)
   defining Unicode char U+015B (decimal 347)
   defining Unicode char U+015E (decimal 350)
   defining Unicode char U+015F (decimal 351)
   defining Unicode char U+0160 (decimal 352)
   defining Unicode char U+0161 (decimal 353)
   defining Unicode char U+0162 (decimal 354)
   defining Unicode char U+0163 (decimal 355)
   defining Unicode char U+0164 (decimal 356)
   defining Unicode char U+0165 (decimal 357)
   defining Unicode char U+016E (decimal 366)
   defining Unicode char U+016F (decimal 367)
   defining Unicode char U+0170 (decimal 368)
   defining Unicode char U+0171 (decimal 369)
   defining Unicode char U+0178 (decimal 376)
   defining Unicode char U+0179 (decimal 377)
   defining Unicode char U+017A (decimal 378)
   defining Unicode char U+017B (decimal 379)
   defining Unicode char U+017C (decimal 380)
   defining Unicode char U+017D (decimal 381)
   defining Unicode char U+017E (decimal 382)
   defining Unicode char U+200C (decimal 8204)
   defining Unicode char U+2013 (decimal 8211)
   defining Unicode char U+2014 (decimal 8212)
   defining Unicode char U+2018 (decimal 8216)
   defining Unicode char U+2019 (decimal 8217)
   defining Unicode char U+201A (decimal 8218)
   defining Unicode char U+201C (decimal 8220)
   defining Unicode char U+201D (decimal 8221)
   defining Unicode char U+201E (decimal 8222)
   defining Unicode char U+2030 (decimal 8240)
   defining Unicode char U+2031 (decimal 8241)
   defining Unicode char U+2039 (decimal 8249)
   defining Unicode char U+203A (decimal 8250)
   defining Unicode char U+2423 (decimal 9251)
)
Now handling font encoding OT1 ...
... processing UTF-8 mapping file for font encoding OT1

("C:\Program Files (x86)\MiKTeX 2.9\tex\latex\base\ot1enc.dfu"
File: ot1enc.dfu 2008/04/05 v1.1m UTF-8 support for inputenc
   defining Unicode char U+00A1 (decimal 161)
   defining Unicode char U+00A3 (decimal 163)
   defining Unicode char U+00B8 (decimal 184)
   defining Unicode char U+00BF (decimal 191)
   defining Unicode char U+00C5 (decimal 197)
   defining Unicode char U+00C6 (decimal 198)
   defining Unicode char U+00D8 (decimal 216)
   defining Unicode char U+00DF (decimal 223)
   defining Unicode char U+00E6 (decimal 230)
   defining Unicode char U+00EC (decimal 236)
   defining Unicode char U+00ED (decimal 237)
   defining Unicode char U+00EE (decimal 238)
   defining Unicode char U+00EF (decimal 239)
   defining Unicode char U+00F8 (decimal 248)
   defining Unicode char U+0131 (decimal 305)
   defining Unicode char U+0141 (decimal 321)
   defining Unicode char U+0142 (decimal 322)
   defining Unicode char U+0152 (decimal 338)
   defining Unicode char U+0153 (decimal 339)
   defining Unicode char U+2013 (decimal 8211)
   defining Unicode char U+2014 (decimal 8212)
   defining Unicode char U+2018 (decimal 8216)
   defining Unicode char U+2019 (decimal 8217)
   defining Unicode char U+201C (decimal 8220)
   defining Unicode char U+201D (decimal 8221)
)
Now handling font encoding OMS ...
... processing UTF-8 mapping file for font encoding OMS

("C:\Program Files (x86)\MiKTeX 2.9\tex\latex\base\omsenc.dfu"
File: omsenc.dfu 2008/04/05 v1.1m UTF-8 support for inputenc
   defining Unicode char U+00A7 (decimal 167)
   defining Unicode char U+00B6 (decimal 182)
   defining Unicode char U+00B7 (decimal 183)
   defining Unicode char U+2020 (decimal 8224)
   defining Unicode char U+2021 (decimal 8225)
   defining Unicode char U+2022 (decimal 8226)
)
Now handling font encoding OMX ...
... no UTF-8 mapping file for font encoding OMX
Now handling font encoding U ...
... no UTF-8 mapping file for font encoding U
   defining Unicode char U+00A9 (decimal 169)
   defining Unicode char U+00AA (decimal 170)
   defining Unicode char U+00AE (decimal 174)
   defining Unicode char U+00BA (decimal 186)
   defining Unicode char U+02C6 (decimal 710)
   defining Unicode char U+02DC (decimal 732)
   defining Unicode char U+200C (decimal 8204)
   defining Unicode char U+2026 (decimal 8230)
   defining Unicode char U+2122 (decimal 8482)
   defining Unicode char U+2423 (decimal 9251)
))
("C:\Program Files (x86)\MiKTeX 2.9\tex\latex\geometry\geometry.sty"
Package: geometry 2010/09/12 v5.6 Page Geometry

("C:\Program Files (x86)\MiKTeX 2.9\tex\latex\graphics\keyval.sty"
Package: keyval 1999/03/16 v1.13 key=value parser (DPC)
\KV@toks@=\toks16
)
("C:\Program Files (x86)\MiKTeX 2.9\tex\generic\oberdiek\ifpdf.sty"
Package: ifpdf 2011/01/30 v2.3 Provides the ifpdf switch (HO)
Package ifpdf Info: pdfTeX in PDF mode is detected.
)
("C:\Program Files (x86)\MiKTeX 2.9\tex\generic\oberdiek\ifvtex.sty"
Package: ifvtex 2010/03/01 v1.5 Switches for detecting VTeX and its modes (HO)
Package ifvtex Info: VTeX not detected.
)
("C:\Program Files (x86)\MiKTeX 2.9\tex\generic\ifxetex\ifxetex.sty"
Package: ifxetex 2010/09/12 v0.6 Provides ifxetex conditional
)
\Gm@cnth=\count87
\Gm@cntv=\count88
\c@Gm@tempcnt=\count89
\Gm@bindingoffset=\dimen104
\Gm@wd@mp=\dimen105
\Gm@odd@mp=\dimen106
\Gm@even@mp=\dimen107
\Gm@layoutwidth=\dimen108
\Gm@layoutheight=\dimen109
\Gm@layouthoffset=\dimen110
\Gm@layoutvoffset=\dimen111
\Gm@dimlist=\toks17

("C:\Program Files (x86)\MiKTeX 2.9\tex\latex\geometry\geometry.cfg"))
("C:\Program Files (x86)\MiKTeX 2.9\tex\generic\babel\babel.sty"
Package: babel 2008/07/08 v3.8m The Babel package

*************************************
* Local config file bblopts.cfg used
*
("C:\Program Files (x86)\MiKTeX 2.9\tex\latex\00miktex\bblopts.cfg"
File: bblopts.cfg 2006/07/31 v1.0 MiKTeX 'babel' configuration
)
("C:\Program Files (x86)\MiKTeX 2.9\tex\generic\babel\ngermanb.ldf"
Language: ngermanb 2008/07/06 v2.6n new German support from the babel system

("C:\Program Files (x86)\MiKTeX 2.9\tex\generic\babel\babel.def"
File: babel.def 2008/07/08 v3.8m Babel common definitions
\babel@savecnt=\count90
\U@D=\dimen112
)
\l@naustrian = a dialect from \language\l@ngerman 
Package babel Info: Making " an active character on input line 92.
))
("C:\Program Files (x86)\MiKTeX 2.9\tex\latex\tools\varioref.sty"
Package: varioref 2011/10/02 v1.4z package for extended references (FMi)
\c@vrcnt=\count91
)
("C:\Program Files (x86)\MiKTeX 2.9\tex\latex\amsfonts\amssymb.sty"
Package: amssymb 2009/06/22 v3.00

("C:\Program Files (x86)\MiKTeX 2.9\tex\latex\amsfonts\amsfonts.sty"
Package: amsfonts 2009/06/22 v3.00 Basic AMSFonts support
\@emptytoks=\toks18
\symAMSa=\mathgroup4
\symAMSb=\mathgroup5
LaTeX Font Info:    Overwriting math alphabet `\mathfrak' in version `bold'
(Font)                  U/euf/m/n --> U/euf/b/n on input line 96.
))
("C:\Program Files (x86)\MiKTeX 2.9\tex\latex\ams\math\amsmath.sty"
Package: amsmath 2000/07/18 v2.13 AMS math features
\@mathmargin=\skip43

For additional information on amsmath, use the `?' option.
("C:\Program Files (x86)\MiKTeX 2.9\tex\latex\ams\math\amstext.sty"
Package: amstext 2000/06/29 v2.01

("C:\Program Files (x86)\MiKTeX 2.9\tex\latex\ams\math\amsgen.sty"
File: amsgen.sty 1999/11/30 v2.0
\@emptytoks=\toks19
\ex@=\dimen113
))
("C:\Program Files (x86)\MiKTeX 2.9\tex\latex\ams\math\amsbsy.sty"
Package: amsbsy 1999/11/29 v1.2d
\pmbraise@=\dimen114
)
("C:\Program Files (x86)\MiKTeX 2.9\tex\latex\ams\math\amsopn.sty"
Package: amsopn 1999/12/14 v2.01 operator names
)
\inf@bad=\count92
LaTeX Info: Redefining \frac on input line 211.
\uproot@=\count93
\leftroot@=\count94
LaTeX Info: Redefining \overline on input line 307.
\classnum@=\count95
\DOTSCASE@=\count96
LaTeX Info: Redefining \ldots on input line 379.
LaTeX Info: Redefining \dots on input line 382.
LaTeX Info: Redefining \cdots on input line 467.
\Mathstrutbox@=\box26
\strutbox@=\box27
\big@size=\dimen115
LaTeX Font Info:    Redeclaring font encoding OML on input line 567.
LaTeX Font Info:    Redeclaring font encoding OMS on input line 568.
\macc@depth=\count97
\c@MaxMatrixCols=\count98
\dotsspace@=\muskip10
\c@parentequation=\count99
\dspbrk@lvl=\count100
\tag@help=\toks20
\row@=\count101
\column@=\count102
\maxfields@=\count103
\andhelp@=\toks21
\eqnshift@=\dimen116
\alignsep@=\dimen117
\tagshift@=\dimen118
\tagwidth@=\dimen119
\totwidth@=\dimen120
\lineht@=\dimen121
\@envbody=\toks22
\multlinegap=\skip44
\multlinetaggap=\skip45
\mathdisplay@stack=\toks23
LaTeX Info: Redefining \[ on input line 2666.
LaTeX Info: Redefining \] on input line 2667.
)
(C:\Users\dkoeppel.VIRTUALNETWORKS\AppData\Roaming\MiKTeX\2.9\tex\latex\fancybo
x\fancybox.sty
Package: fancybox 2010/05/15 1.4

Style option: `fancybox' v1.4 <2010/05/15> (tvz)
\@fancybox=\box28
\shadowsize=\dimen122
\@Sbox=\box29
\do@VerbBox=\toks24
\the@fancyput=\toks25
\this@fancyput=\toks26
\EndVerbatimTokens=\toks27
\Verbatim@Outfile=\write3
\Verbatim@Infile=\read1
) ("C:\Program Files (x86)\MiKTeX 2.9\tex\latex\graphics\graphicx.sty"
Package: graphicx 1999/02/16 v1.0f Enhanced LaTeX Graphics (DPC,SPQR)

("C:\Program Files (x86)\MiKTeX 2.9\tex\latex\graphics\graphics.sty"
Package: graphics 2009/02/05 v1.0o Standard LaTeX Graphics (DPC,SPQR)

("C:\Program Files (x86)\MiKTeX 2.9\tex\latex\graphics\trig.sty"
Package: trig 1999/03/16 v1.09 sin cos tan (DPC)
)
("C:\Program Files (x86)\MiKTeX 2.9\tex\latex\00miktex\graphics.cfg"
File: graphics.cfg 2007/01/18 v1.5 graphics configuration of teTeX/TeXLive
)
Package graphics Info: Driver file: pdftex.def on input line 91.

("C:\Program Files (x86)\MiKTeX 2.9\tex\latex\pdftex-def\pdftex.def"
File: pdftex.def 2011/05/27 v0.06d Graphics/color for pdfTeX

("C:\Program Files (x86)\MiKTeX 2.9\tex\generic\oberdiek\infwarerr.sty"
Package: infwarerr 2010/04/08 v1.3 Providing info/warning/message (HO)
)
("C:\Program Files (x86)\MiKTeX 2.9\tex\generic\oberdiek\ltxcmds.sty"
Package: ltxcmds 2011/04/18 v1.20 LaTeX kernel commands for general use (HO)
)
\Gread@gobject=\count104
))
\Gin@req@height=\dimen123
\Gin@req@width=\dimen124
)
("C:\Program Files (x86)\MiKTeX 2.9\tex\latex\graphics\color.sty"
Package: color 2005/11/14 v1.0j Standard LaTeX Color (DPC)

("C:\Program Files (x86)\MiKTeX 2.9\tex\latex\00miktex\color.cfg"
File: color.cfg 2007/01/18 v1.5 color configuration of teTeX/TeXLive
)
Package color Info: Driver file: pdftex.def on input line 130.
)
("C:\Program Files (x86)\MiKTeX 2.9\tex\latex\lastpage\lastpage.sty"
Package: lastpage 2011/09/01 v1.2k Refers to last page's name (HMM; JPG)
)
("C:\Program Files (x86)\MiKTeX 2.9\tex\latex\wrapfig\wrapfig.sty"
\wrapoverhang=\dimen125
\WF@size=\dimen126
\c@WF@wrappedlines=\count105
\WF@box=\box30
\WF@everypar=\toks28
Package: wrapfig 2003/01/31  v 3.6
)
("C:\Program Files (x86)\MiKTeX 2.9\tex\latex\fancyhdr\fancyhdr.sty"
\fancy@headwidth=\skip46
\f@ncyO@elh=\skip47
\f@ncyO@erh=\skip48
\f@ncyO@olh=\skip49
\f@ncyO@orh=\skip50
\f@ncyO@elf=\skip51
\f@ncyO@erf=\skip52
\f@ncyO@olf=\skip53
\f@ncyO@orf=\skip54
)
("C:\Program Files (x86)\MiKTeX 2.9\tex\latex\hyperref\hyperref.sty"
Package: hyperref 2012/02/06 v6.82o Hypertext links for LaTeX

("C:\Program Files (x86)\MiKTeX 2.9\tex\generic\oberdiek\hobsub-hyperref.sty"
Package: hobsub-hyperref 2011/04/23 v1.4 Bundle oberdiek, subset hyperref (HO)

("C:\Program Files (x86)\MiKTeX 2.9\tex\generic\oberdiek\hobsub-generic.sty"
Package: hobsub-generic 2011/04/23 v1.4 Bundle oberdiek, subset generic (HO)
Package: hobsub 2011/04/23 v1.4 Subsetting bundle oberdiek (HO)
Package hobsub Info: Skipping package `infwarerr' (already loaded).
Package hobsub Info: Skipping package `ltxcmds' (already loaded).
Package: ifluatex 2010/03/01 v1.3 Provides the ifluatex switch (HO)
Package ifluatex Info: LuaTeX not detected.
Package hobsub Info: Skipping package `ifvtex' (already loaded).
Package: intcalc 2007/09/27 v1.1 Expandable integer calculations (HO)
Package hobsub Info: Skipping package `ifpdf' (already loaded).
Package: etexcmds 2011/02/16 v1.5 Prefix for e-TeX command names (HO)
Package etexcmds Info: Could not find \expanded.
(etexcmds)             That can mean that you are not using pdfTeX 1.50 or
(etexcmds)             that some package has redefined \expanded.
(etexcmds)             In the latter case, load this package earlier.
Package: kvsetkeys 2011/04/07 v1.13 Key value parser (HO)
Package: kvdefinekeys 2011/04/07 v1.3 Defining keys (HO)
Package: pdftexcmds 2011/04/22 v0.16 Utilities of pdfTeX for LuaTeX (HO)
Package pdftexcmds Info: LuaTeX not detected.
Package pdftexcmds Info: \pdf@primitive is available.
Package pdftexcmds Info: \pdf@ifprimitive is available.
Package pdftexcmds Info: \pdfdraftmode found.
Package: pdfescape 2011/04/04 v1.12 Provides string conversions (HO)
Package: bigintcalc 2011/01/30 v1.2 Expandable big integer calculations (HO)
Package: bitset 2011/01/30 v1.1 Data type bit set (HO)
Package: uniquecounter 2011/01/30 v1.2 Provides unlimited unique counter (HO)
)
Package hobsub Info: Skipping package `hobsub' (already loaded).
Package: letltxmacro 2010/09/02 v1.4 Let assignment for LaTeX macros (HO)
Package: hopatch 2011/01/30 v1.0 Wrapper for package hooks (HO)
Package: xcolor-patch 2011/01/30 xcolor patch
Package: atveryend 2011/04/23 v1.7 Hooks at very end of document (HO)
Package: atbegshi 2011/01/30 v1.15 At begin shipout hook (HO)
Package: refcount 2010/12/01 v3.2 Data extraction from references (HO)
Package: hycolor 2011/01/30 v1.7 Color options of hyperref/bookmark (HO)
)
("C:\Program Files (x86)\MiKTeX 2.9\tex\latex\oberdiek\kvoptions.sty"
Package: kvoptions 2010/12/23 v3.10 Keyval support for LaTeX options (HO)
)
\@linkdim=\dimen127
\Hy@linkcounter=\count106
\Hy@pagecounter=\count107

("C:\Program Files (x86)\MiKTeX 2.9\tex\latex\hyperref\pd1enc.def"
File: pd1enc.def 2012/02/06 v6.82o Hyperref: PDFDocEncoding definition (HO)
Now handling font encoding PD1 ...
... no UTF-8 mapping file for font encoding PD1
)
\Hy@SavedSpaceFactor=\count108

("C:\Program Files (x86)\MiKTeX 2.9\tex\latex\00miktex\hyperref.cfg"
File: hyperref.cfg 2002/06/06 v1.2 hyperref configuration of TeXLive
)
Package hyperref Info: Hyper figures OFF on input line 4046.
Package hyperref Info: Link nesting OFF on input line 4051.
Package hyperref Info: Hyper index ON on input line 4054.
Package hyperref Info: Plain pages OFF on input line 4061.
Package hyperref Info: Backreferencing OFF on input line 4066.
Package hyperref Info: Implicit mode ON; LaTeX internals redefined.
Package hyperref Info: Bookmarks ON on input line 4284.
\c@Hy@tempcnt=\count109

("C:\Program Files (x86)\MiKTeX 2.9\tex\latex\ltxmisc\url.sty"
\Urlmuskip=\muskip11
Package: url 2006/04/12  ver 3.3  Verb mode for urls, etc.
)
LaTeX Info: Redefining \url on input line 4637.
\Fld@menulength=\count110
\Field@Width=\dimen128
\Fld@charsize=\dimen129
Package hyperref Info: Hyper figures OFF on input line 5757.
Package hyperref Info: Link nesting OFF on input line 5762.
Package hyperref Info: Hyper index ON on input line 5765.
Package hyperref Info: backreferencing OFF on input line 5772.
Package hyperref Info: Link coloring OFF on input line 5777.
Package hyperref Info: Link coloring with OCG OFF on input line 5782.
Package hyperref Info: PDF/A mode OFF on input line 5787.
LaTeX Info: Redefining \ref on input line 5827.
LaTeX Info: Redefining \pageref on input line 5831.
\Hy@abspage=\count111
\c@Item=\count112
\c@Hfootnote=\count113
)

Package hyperref Message: Driver (autodetected): hpdftex.

("C:\Program Files (x86)\MiKTeX 2.9\tex\latex\hyperref\hpdftex.def"
File: hpdftex.def 2012/02/06 v6.82o Hyperref driver for pdfTeX
\Fld@listcount=\count114
\c@bookmark@seq@number=\count115

("C:\Program Files (x86)\MiKTeX 2.9\tex\latex\oberdiek\rerunfilecheck.sty"
Package: rerunfilecheck 2011/04/15 v1.7 Rerun checks for auxiliary files (HO)
Package uniquecounter Info: New unique counter `rerunfilecheck' on input line 2
82.
)
\Hy@SectionHShift=\skip55
)
("C:\Program Files (x86)\MiKTeX 2.9\tex\latex\tools\verbatim.sty"
Package: verbatim 2003/08/22 v1.5q LaTeX2e package for verbatim enhancements
\every@verbatim=\toks29
\verbatim@line=\toks30
\verbatim@in@stream=\read2
)
("C:\Program Files (x86)\MiKTeX 2.9\tex\latex\floatflt\floatflt.sty"
Package: floatflt 1997/07/16 v. 1.31
\c@OptionTest=\count116
\figbox=\box31
\tabbox=\box32
\pagebox=\box33
\ffigcount=\count117
\ftabcount=\count118
\fftest=\count119
\hangcount=\count120
\nosuccesstryfig=\count121
\nosuccesstrytab=\count122
\figgutter=\dimen130
\tabgutter=\dimen131
\htdone=\dimen132
\pageht=\dimen133
\startpageht=\dimen134
\tabbredd=\dimen135
\floatfltwidth=\dimen136
\fltitemwidth=\dimen137
\outputpretest=\toks31
)
("C:\Program Files (x86)\MiKTeX 2.9\tex\latex\pxfonts\pxfonts.sty"
Package: pxfonts 2008/01/22 v1.1.1
LaTeX Font Info:    Redeclaring symbol font `operators' on input line 21.
LaTeX Font Info:    Overwriting symbol font `operators' in version `normal'
(Font)                  OT1/cmr/m/n --> OT1/pxr/m/n on input line 21.
LaTeX Font Info:    Overwriting symbol font `operators' in version `bold'
(Font)                  OT1/cmr/bx/n --> OT1/pxr/m/n on input line 21.
LaTeX Font Info:    Overwriting symbol font `operators' in version `bold'
(Font)                  OT1/pxr/m/n --> OT1/pxr/bx/n on input line 22.
\symitalic=\mathgroup6
LaTeX Font Info:    Overwriting symbol font `italic' in version `bold'
(Font)                  OT1/pxr/m/it --> OT1/pxr/bx/it on input line 26.
LaTeX Font Info:    Redeclaring math alphabet \mathbf on input line 29.
LaTeX Font Info:    Overwriting math alphabet `\mathbf' in version `normal'
(Font)                  OT1/cmr/bx/n --> OT1/pxr/bx/n on input line 29.
LaTeX Font Info:    Overwriting math alphabet `\mathbf' in version `bold'
(Font)                  OT1/cmr/bx/n --> OT1/pxr/bx/n on input line 29.
LaTeX Font Info:    Redeclaring math alphabet \mathit on input line 30.
LaTeX Font Info:    Overwriting math alphabet `\mathit' in version `normal'
(Font)                  OT1/cmr/m/it --> OT1/pxr/m/it on input line 30.
LaTeX Font Info:    Overwriting math alphabet `\mathit' in version `bold'
(Font)                  OT1/cmr/bx/it --> OT1/pxr/m/it on input line 30.
LaTeX Font Info:    Overwriting math alphabet `\mathit' in version `bold'
(Font)                  OT1/pxr/m/it --> OT1/pxr/bx/it on input line 31.
LaTeX Font Info:    Redeclaring math alphabet \mathsf on input line 40.
LaTeX Font Info:    Overwriting math alphabet `\mathsf' in version `normal'
(Font)                  OT1/cmss/m/n --> OT1/pxss/m/n on input line 40.
LaTeX Font Info:    Overwriting math alphabet `\mathsf' in version `bold'
(Font)                  OT1/cmss/bx/n --> OT1/pxss/m/n on input line 40.
LaTeX Font Info:    Overwriting math alphabet `\mathsf' in version `bold'
(Font)                  OT1/pxss/m/n --> OT1/pxss/b/n on input line 41.
LaTeX Font Info:    Redeclaring math alphabet \mathtt on input line 50.
LaTeX Font Info:    Overwriting math alphabet `\mathtt' in version `normal'
(Font)                  OT1/cmtt/m/n --> OT1/pxtt/m/n on input line 50.
LaTeX Font Info:    Overwriting math alphabet `\mathtt' in version `bold'
(Font)                  OT1/cmtt/m/n --> OT1/pxtt/m/n on input line 50.
LaTeX Font Info:    Overwriting math alphabet `\mathtt' in version `bold'
(Font)                  OT1/pxtt/m/n --> OT1/pxtt/b/n on input line 51.
LaTeX Font Info:    Redeclaring symbol font `letters' on input line 58.
LaTeX Font Info:    Overwriting symbol font `letters' in version `normal'
(Font)                  OML/cmm/m/it --> OML/pxmi/m/it on input line 58.
LaTeX Font Info:    Overwriting symbol font `letters' in version `bold'
(Font)                  OML/cmm/b/it --> OML/pxmi/m/it on input line 58.
LaTeX Font Info:    Overwriting symbol font `letters' in version `bold'
(Font)                  OML/pxmi/m/it --> OML/pxmi/bx/it on input line 59.
\symlettersA=\mathgroup7
LaTeX Font Info:    Overwriting symbol font `lettersA' in version `bold'
(Font)                  U/pxmia/m/it --> U/pxmia/bx/it on input line 67.
LaTeX Font Info:    Redeclaring math alphabet \mathfrak on input line 70.
LaTeX Font Info:    Redeclaring symbol font `symbols' on input line 77.
LaTeX Font Info:    Overwriting symbol font `symbols' in version `normal'
(Font)                  OMS/cmsy/m/n --> OMS/pxsy/m/n on input line 77.
LaTeX Font Info:    Overwriting symbol font `symbols' in version `bold'
(Font)                  OMS/cmsy/b/n --> OMS/pxsy/m/n on input line 77.
LaTeX Font Info:    Overwriting symbol font `symbols' in version `bold'
(Font)                  OMS/pxsy/m/n --> OMS/pxsy/bx/n on input line 78.
LaTeX Font Info:    Redeclaring symbol font `AMSa' on input line 93.
LaTeX Font Info:    Overwriting symbol font `AMSa' in version `normal'
(Font)                  U/msa/m/n --> U/pxsya/m/n on input line 93.
LaTeX Font Info:    Overwriting symbol font `AMSa' in version `bold'
(Font)                  U/msa/m/n --> U/pxsya/m/n on input line 93.
LaTeX Font Info:    Overwriting symbol font `AMSa' in version `bold'
(Font)                  U/pxsya/m/n --> U/pxsya/bx/n on input line 94.
LaTeX Font Info:    Redeclaring symbol font `AMSb' on input line 102.
LaTeX Font Info:    Overwriting symbol font `AMSb' in version `normal'
(Font)                  U/msb/m/n --> U/pxsyb/m/n on input line 102.
LaTeX Font Info:    Overwriting symbol font `AMSb' in version `bold'
(Font)                  U/msb/m/n --> U/pxsyb/m/n on input line 102.
LaTeX Font Info:    Overwriting symbol font `AMSb' in version `bold'
(Font)                  U/pxsyb/m/n --> U/pxsyb/bx/n on input line 103.
\symsymbolsC=\mathgroup8
LaTeX Font Info:    Overwriting symbol font `symbolsC' in version `bold'
(Font)                  U/pxsyc/m/n --> U/pxsyc/bx/n on input line 113.
LaTeX Font Info:    Redeclaring symbol font `largesymbols' on input line 120.
LaTeX Font Info:    Overwriting symbol font `largesymbols' in version `normal'
(Font)                  OMX/cmex/m/n --> OMX/pxex/m/n on input line 120.
LaTeX Font Info:    Overwriting symbol font `largesymbols' in version `bold'
(Font)                  OMX/cmex/m/n --> OMX/pxex/m/n on input line 120.
LaTeX Font Info:    Overwriting symbol font `largesymbols' in version `bold'
(Font)                  OMX/pxex/m/n --> OMX/pxex/bx/n on input line 121.
\symlargesymbolsA=\mathgroup9
LaTeX Font Info:    Overwriting symbol font `largesymbolsA' in version `bold'
(Font)                  U/pxexa/m/n --> U/pxexa/bx/n on input line 129.
LaTeX Info: Redefining \not on input line 997.
)
("C:\Program Files (x86)\MiKTeX 2.9\tex\latex\esint\esint.sty"
Package: esint 
LaTeX Font Info:    Redeclaring symbol font `largesymbolsA' on input line 32.
LaTeX Font Info:    Overwriting symbol font `largesymbolsA' in version `normal'

(Font)                  U/pxexa/m/n --> U/esint/m/n on input line 32.
LaTeX Font Info:    Overwriting symbol font `largesymbolsA' in version `bold'
(Font)                  U/pxexa/bx/n --> U/esint/m/n on input line 32.
)
Package color Info: Redefining color black on input line 29.
Package color Info: Redefining color red on input line 30.
Package color Info: Redefining color white on input line 31.

("C:\Program Files (x86)\MiKTeX 2.9\tex\latex\pgfplots\pgfplots.sty"
("C:\Program Files (x86)\MiKTeX 2.9\tex\generic\pgfplots\pgfplots.revision.tex"
)
Package: pgfplots 2011/12/29 v1.5.1 (git show 1.5.1-4-g53e640f )
 ("C:\Program Files (x86)\MiKTeX 2.9\tex\latex\pgf\frontendlayer\tikz.sty"
("C:\Program Files (x86)\MiKTeX 2.9\tex\latex\pgf\basiclayer\pgf.sty"
("C:\Program Files (x86)\MiKTeX 2.9\tex\latex\pgf\utilities\pgfrcs.sty"
("C:\Program Files (x86)\MiKTeX 2.9\tex\generic\pgf\utilities\pgfutil-common.te
x"
\pgfutil@everybye=\toks32
)
("C:\Program Files (x86)\MiKTeX 2.9\tex\generic\pgf\utilities\pgfutil-latex.def
"
\pgfutil@abb=\box34
 ("C:\Program Files (x86)\MiKTeX 2.9\tex\latex\ms\everyshi.sty"
Package: everyshi 2001/05/15 v3.00 EveryShipout Package (MS)
))
("C:\Program Files (x86)\MiKTeX 2.9\tex\generic\pgf\utilities\pgfrcs.code.tex"
Package: pgfrcs 2010/10/25 v2.10 (rcs-revision 1.24)
))
Package: pgf 2008/01/15 v2.10 (rcs-revision 1.12)
 ("C:\Program Files (x86)\MiKTeX 2.9\tex\latex\pgf\basiclayer\pgfcore.sty"
("C:\Program Files (x86)\MiKTeX 2.9\tex\latex\pgf\systemlayer\pgfsys.sty"
("C:\Program Files (x86)\MiKTeX 2.9\tex\generic\pgf\systemlayer\pgfsys.code.tex
"
Package: pgfsys 2010/06/30 v2.10 (rcs-revision 1.37)
 ("C:\Program Files (x86)\MiKTeX 2.9\tex\generic\pgf\utilities\pgfkeys.code.tex
"
\pgfkeys@pathtoks=\toks33
\pgfkeys@temptoks=\toks34

("C:\Program Files (x86)\MiKTeX 2.9\tex\generic\pgf\utilities\pgfkeysfiltered.c
ode.tex"
\pgfkeys@tmptoks=\toks35
))
\pgf@x=\dimen138
\pgf@y=\dimen139
\pgf@xa=\dimen140
\pgf@ya=\dimen141
\pgf@xb=\dimen142
\pgf@yb=\dimen143
\pgf@xc=\dimen144
\pgf@yc=\dimen145
\w@pgf@writea=\write4
\r@pgf@reada=\read3
\c@pgf@counta=\count123
\c@pgf@countb=\count124
\c@pgf@countc=\count125
\c@pgf@countd=\count126

("C:\Program Files (x86)\MiKTeX 2.9\tex\generic\pgf\systemlayer\pgf.cfg"
File: pgf.cfg 2008/05/14  (rcs-revision 1.7)
)
Package pgfsys Info: Driver file for pgf: pgfsys-pdftex.def on input line 900.

("C:\Program Files (x86)\MiKTeX 2.9\tex\generic\pgf\systemlayer\pgfsys-pdftex.d
ef"
File: pgfsys-pdftex.def 2009/05/22  (rcs-revision 1.26)

("C:\Program Files (x86)\MiKTeX 2.9\tex\generic\pgf\systemlayer\pgfsys-common-p
df.def"
File: pgfsys-common-pdf.def 2008/05/19  (rcs-revision 1.10)
)))
("C:\Program Files (x86)\MiKTeX 2.9\tex\generic\pgf\systemlayer\pgfsyssoftpath.
code.tex"
File: pgfsyssoftpath.code.tex 2008/07/18  (rcs-revision 1.7)
\pgfsyssoftpath@smallbuffer@items=\count127
\pgfsyssoftpath@bigbuffer@items=\count128
)
("C:\Program Files (x86)\MiKTeX 2.9\tex\generic\pgf\systemlayer\pgfsysprotocol.
code.tex"
File: pgfsysprotocol.code.tex 2006/10/16  (rcs-revision 1.4)
)) ("C:\Program Files (x86)\MiKTeX 2.9\tex\latex\xcolor\xcolor.sty"
Package: xcolor 2007/01/21 v2.11 LaTeX color extensions (UK)

("C:\Program Files (x86)\MiKTeX 2.9\tex\latex\00miktex\color.cfg"
File: color.cfg 2007/01/18 v1.5 color configuration of teTeX/TeXLive
)
Package xcolor Info: Driver file: pdftex.def on input line 225.
LaTeX Info: Redefining \color on input line 702.
Package xcolor Info: Model `cmy' substituted by `cmy0' on input line 1337.
Package xcolor Info: Model `hsb' substituted by `rgb' on input line 1341.
Package xcolor Info: Model `RGB' extended on input line 1353.
Package xcolor Info: Model `HTML' substituted by `rgb' on input line 1355.
Package xcolor Info: Model `Hsb' substituted by `hsb' on input line 1356.
Package xcolor Info: Model `tHsb' substituted by `hsb' on input line 1357.
Package xcolor Info: Model `HSB' substituted by `hsb' on input line 1358.
Package xcolor Info: Model `Gray' substituted by `gray' on input line 1359.
Package xcolor Info: Model `wave' substituted by `hsb' on input line 1360.
)
("C:\Program Files (x86)\MiKTeX 2.9\tex\generic\pgf\basiclayer\pgfcore.code.tex
"
Package: pgfcore 2010/04/11 v2.10 (rcs-revision 1.7)
 ("C:\Program Files (x86)\MiKTeX 2.9\tex\generic\pgf\math\pgfmath.code.tex"
("C:\Program Files (x86)\MiKTeX 2.9\tex\generic\pgf\math\pgfmathcalc.code.tex"
("C:\Program Files (x86)\MiKTeX 2.9\tex\generic\pgf\math\pgfmathutil.code.tex")
("C:\Program Files (x86)\MiKTeX 2.9\tex\generic\pgf\math\pgfmathparser.code.tex
"
\pgfmath@dimen=\dimen146
\pgfmath@count=\count129
\pgfmath@box=\box35
\pgfmath@toks=\toks36
\pgfmath@stack@operand=\toks37
\pgfmath@stack@operation=\toks38
)
("C:\Program Files (x86)\MiKTeX 2.9\tex\generic\pgf\math\pgfmathfunctions.code.
tex"
("C:\Program Files (x86)\MiKTeX 2.9\tex\generic\pgf\math\pgfmathfunctions.basic
.code.tex")
("C:\Program Files (x86)\MiKTeX 2.9\tex\generic\pgf\math\pgfmathfunctions.trigo
nometric.code.tex")
("C:\Program Files (x86)\MiKTeX 2.9\tex\generic\pgf\math\pgfmathfunctions.rando
m.code.tex")
("C:\Program Files (x86)\MiKTeX 2.9\tex\generic\pgf\math\pgfmathfunctions.compa
rison.code.tex")
("C:\Program Files (x86)\MiKTeX 2.9\tex\generic\pgf\math\pgfmathfunctions.base.
code.tex")
("C:\Program Files (x86)\MiKTeX 2.9\tex\generic\pgf\math\pgfmathfunctions.round
.code.tex")
("C:\Program Files (x86)\MiKTeX 2.9\tex\generic\pgf\math\pgfmathfunctions.misc.
code.tex")))
("C:\Program Files (x86)\MiKTeX 2.9\tex\generic\pgf\math\pgfmathfloat.code.tex"
\c@pgfmathroundto@lastzeros=\count130
))
("C:\Program Files (x86)\MiKTeX 2.9\tex\generic\pgf\basiclayer\pgfcorepoints.co
de.tex"
File: pgfcorepoints.code.tex 2010/04/09  (rcs-revision 1.20)
\pgf@picminx=\dimen147
\pgf@picmaxx=\dimen148
\pgf@picminy=\dimen149
\pgf@picmaxy=\dimen150
\pgf@pathminx=\dimen151
\pgf@pathmaxx=\dimen152
\pgf@pathminy=\dimen153
\pgf@pathmaxy=\dimen154
\pgf@xx=\dimen155
\pgf@xy=\dimen156
\pgf@yx=\dimen157
\pgf@yy=\dimen158
\pgf@zx=\dimen159
\pgf@zy=\dimen160
)
("C:\Program Files (x86)\MiKTeX 2.9\tex\generic\pgf\basiclayer\pgfcorepathconst
ruct.code.tex"
File: pgfcorepathconstruct.code.tex 2010/08/03  (rcs-revision 1.24)
\pgf@path@lastx=\dimen161
\pgf@path@lasty=\dimen162
)
("C:\Program Files (x86)\MiKTeX 2.9\tex\generic\pgf\basiclayer\pgfcorepathusage
.code.tex"
File: pgfcorepathusage.code.tex 2008/04/22  (rcs-revision 1.12)
\pgf@shorten@end@additional=\dimen163
\pgf@shorten@start@additional=\dimen164
)
("C:\Program Files (x86)\MiKTeX 2.9\tex\generic\pgf\basiclayer\pgfcorescopes.co
de.tex"
File: pgfcorescopes.code.tex 2010/09/08  (rcs-revision 1.34)
\pgfpic=\box36
\pgf@hbox=\box37
\pgf@layerbox@main=\box38
\pgf@picture@serial@count=\count131
)
("C:\Program Files (x86)\MiKTeX 2.9\tex\generic\pgf\basiclayer\pgfcoregraphicst
ate.code.tex"
File: pgfcoregraphicstate.code.tex 2008/04/22  (rcs-revision 1.9)
\pgflinewidth=\dimen165
)
("C:\Program Files (x86)\MiKTeX 2.9\tex\generic\pgf\basiclayer\pgfcoretransform
ations.code.tex"
File: pgfcoretransformations.code.tex 2009/06/10  (rcs-revision 1.11)
\pgf@pt@x=\dimen166
\pgf@pt@y=\dimen167
\pgf@pt@temp=\dimen168
)
("C:\Program Files (x86)\MiKTeX 2.9\tex\generic\pgf\basiclayer\pgfcorequick.cod
e.tex"
File: pgfcorequick.code.tex 2008/10/09  (rcs-revision 1.3)
)
("C:\Program Files (x86)\MiKTeX 2.9\tex\generic\pgf\basiclayer\pgfcoreobjects.c
ode.tex"
File: pgfcoreobjects.code.tex 2006/10/11  (rcs-revision 1.2)
)
("C:\Program Files (x86)\MiKTeX 2.9\tex\generic\pgf\basiclayer\pgfcorepathproce
ssing.code.tex"
File: pgfcorepathprocessing.code.tex 2008/10/09  (rcs-revision 1.8)
)
("C:\Program Files (x86)\MiKTeX 2.9\tex\generic\pgf\basiclayer\pgfcorearrows.co
de.tex"
File: pgfcorearrows.code.tex 2008/04/23  (rcs-revision 1.11)
)
("C:\Program Files (x86)\MiKTeX 2.9\tex\generic\pgf\basiclayer\pgfcoreshade.cod
e.tex"
File: pgfcoreshade.code.tex 2008/11/23  (rcs-revision 1.13)
\pgf@max=\dimen169
\pgf@sys@shading@range@num=\count132
)
("C:\Program Files (x86)\MiKTeX 2.9\tex\generic\pgf\basiclayer\pgfcoreimage.cod
e.tex"
File: pgfcoreimage.code.tex 2010/03/25  (rcs-revision 1.16)

("C:\Program Files (x86)\MiKTeX 2.9\tex\generic\pgf\basiclayer\pgfcoreexternal.
code.tex"
File: pgfcoreexternal.code.tex 2010/09/01  (rcs-revision 1.17)
\pgfexternal@startupbox=\box39
))
("C:\Program Files (x86)\MiKTeX 2.9\tex\generic\pgf\basiclayer\pgfcorelayers.co
de.tex"
File: pgfcorelayers.code.tex 2010/08/27  (rcs-revision 1.2)
)
("C:\Program Files (x86)\MiKTeX 2.9\tex\generic\pgf\basiclayer\pgfcoretranspare
ncy.code.tex"
File: pgfcoretransparency.code.tex 2008/01/17  (rcs-revision 1.2)
)
("C:\Program Files (x86)\MiKTeX 2.9\tex\generic\pgf\basiclayer\pgfcorepatterns.
code.tex"
File: pgfcorepatterns.code.tex 2009/07/02  (rcs-revision 1.3)
)))
("C:\Program Files (x86)\MiKTeX 2.9\tex\generic\pgf\modules\pgfmoduleshapes.cod
e.tex"
File: pgfmoduleshapes.code.tex 2010/09/09  (rcs-revision 1.13)
\pgfnodeparttextbox=\box40
)
("C:\Program Files (x86)\MiKTeX 2.9\tex\generic\pgf\modules\pgfmoduleplot.code.
tex"
File: pgfmoduleplot.code.tex 2010/10/22  (rcs-revision 1.8)
)
("C:\Program Files (x86)\MiKTeX 2.9\tex\latex\pgf\compatibility\pgfcomp-version
-0-65.sty"
Package: pgfcomp-version-0-65 2007/07/03 v2.10 (rcs-revision 1.7)
\pgf@nodesepstart=\dimen170
\pgf@nodesepend=\dimen171
)
("C:\Program Files (x86)\MiKTeX 2.9\tex\latex\pgf\compatibility\pgfcomp-version
-1-18.sty"
Package: pgfcomp-version-1-18 2007/07/23 v2.10 (rcs-revision 1.1)
))
("C:\Program Files (x86)\MiKTeX 2.9\tex\latex\pgf\utilities\pgffor.sty"
("C:\Program Files (x86)\MiKTeX 2.9\tex\latex\pgf\utilities\pgfkeys.sty"
("C:\Program Files (x86)\MiKTeX 2.9\tex\generic\pgf\utilities\pgfkeys.code.tex"
)) ("C:\Program Files (x86)\MiKTeX 2.9\tex\generic\pgf\utilities\pgffor.code.te
x"
Package: pgffor 2010/03/23 v2.10 (rcs-revision 1.18)
\pgffor@iter=\dimen172
\pgffor@skip=\dimen173
\pgffor@stack=\toks39
\pgffor@toks=\toks40
))
("C:\Program Files (x86)\MiKTeX 2.9\tex\generic\pgf\frontendlayer\tikz\tikz.cod
e.tex"
Package: tikz 2010/10/13 v2.10 (rcs-revision 1.76)

("C:\Program Files (x86)\MiKTeX 2.9\tex\generic\pgf\libraries\pgflibraryplothan
dlers.code.tex"
File: pgflibraryplothandlers.code.tex 2010/05/31 v2.10 (rcs-revision 1.15)
\pgf@plot@mark@count=\count133
\pgfplotmarksize=\dimen174
)
\tikz@lastx=\dimen175
\tikz@lasty=\dimen176
\tikz@lastxsaved=\dimen177
\tikz@lastysaved=\dimen178
\tikzleveldistance=\dimen179
\tikzsiblingdistance=\dimen180
\tikz@figbox=\box41
\tikz@tempbox=\box42
\tikztreelevel=\count134
\tikznumberofchildren=\count135
\tikznumberofcurrentchild=\count136
\tikz@fig@count=\count137

("C:\Program Files (x86)\MiKTeX 2.9\tex\generic\pgf\modules\pgfmodulematrix.cod
e.tex"
File: pgfmodulematrix.code.tex 2010/08/24  (rcs-revision 1.4)
\pgfmatrixcurrentrow=\count138
\pgfmatrixcurrentcolumn=\count139
\pgf@matrix@numberofcolumns=\count140
)
\tikz@expandcount=\count141

("C:\Program Files (x86)\MiKTeX 2.9\tex\generic\pgf\frontendlayer\tikz\librarie
s\tikzlibrarytopaths.code.tex"
File: tikzlibrarytopaths.code.tex 2008/06/17 v2.10 (rcs-revision 1.2)
)))
("C:\Program Files (x86)\MiKTeX 2.9\tex\generic\pgfplots\pgfplots.code.tex"
("C:\Program Files (x86)\MiKTeX 2.9\tex\generic\pgfplots\pgfplotscore.code.tex"
\t@pgfplots@toka=\toks41
\t@pgfplots@tokb=\toks42
\t@pgfplots@tokc=\toks43
\pgfplots@tmpa=\dimen181
\c@pgfplots@coordindex=\count142
\c@pgfplots@scanlineindex=\count143

("C:\Program Files (x86)\MiKTeX 2.9\tex\generic\pgfplots\sys\pgfplotssysgeneric
.code.tex"))
("C:\Program Files (x86)\MiKTeX 2.9\tex\generic\pgfplots\libs\pgfplotslibrary.c
ode.tex")
("C:\Program Files (x86)\MiKTeX 2.9\tex\generic\pgfplots\oldpgfcompatib\pgfplot
soldpgfsupp_loader.code.tex"
Package pgfplots: loading complementary code for your PGF version...

("C:\Program Files (x86)\MiKTeX 2.9\tex\generic\pgfplots\oldpgfcompatib\pgfplot
soldpgfsupp_misc.code.tex")
("C:\Program Files (x86)\MiKTeX 2.9\tex\generic\pgfplots\oldpgfcompatib\pgfplot
soldpgfsupp_pgfkeys.code.tex"
\pgfkeys@pathtoks=\toks44
\pgfkeys@temptoks=\toks45

("C:\Program Files (x86)\MiKTeX 2.9\tex\generic\pgfplots\oldpgfcompatib\pgfplot
soldpgfsupp_pgfkeysfiltered.code.tex"
\pgfkeys@tmptoks=\toks46
))
("C:\Program Files (x86)\MiKTeX 2.9\tex\generic\pgfplots\oldpgfcompatib\pgfplot
soldpgfsupp_pgfmathfloat.code.tex"
\c@pgfmathroundto@lastzeros=\count144
)
("C:\Program Files (x86)\MiKTeX 2.9\tex\generic\pgfplots\oldpgfcompatib\pgfplot
soldpgfsupp_pgflibraryplothandlers.code.tex"
File: pgflibraryplothandlers.code.tex 2011/12/28 v2.10 (rcs-revision 1.16)
\pgf@plot@mark@count=\count145
\pgfplotmarksize=\dimen182
)
("C:\Program Files (x86)\MiKTeX 2.9\tex\generic\pgfplots\oldpgfcompatib\pgfplot
soldpgfsupp_pgflibraryfpu.code.tex"))
("C:\Program Files (x86)\MiKTeX 2.9\tex\generic\pgfplots\util\pgfplotsutil.code
.tex"
("C:\Program Files (x86)\MiKTeX 2.9\tex\generic\pgfplots\liststructure\pgfplots
liststructure.code.tex")
("C:\Program Files (x86)\MiKTeX 2.9\tex\generic\pgfplots\liststructure\pgfplots
liststructureext.code.tex")
("C:\Program Files (x86)\MiKTeX 2.9\tex\generic\pgfplots\liststructure\pgfplots
array.code.tex"
\c@pgfplotsarray@tmp=\count146
)
("C:\Program Files (x86)\MiKTeX 2.9\tex\generic\pgfplots\liststructure\pgfplots
matrix.code.tex")
("C:\Program Files (x86)\MiKTeX 2.9\tex\generic\pgfplots\numtable\pgfplotstable
shared.code.tex"
\c@pgfplotstable@counta=\count147
\t@pgfplotstable@a=\toks47
)
("C:\Program Files (x86)\MiKTeX 2.9\tex\generic\pgfplots\liststructure\pgfplots
deque.code.tex")
("C:\Program Files (x86)\MiKTeX 2.9\tex\generic\pgfplots\util\pgfplotsbinary.co
de.tex")
("C:\Program Files (x86)\MiKTeX 2.9\tex\generic\pgfplots\util\pgfplotsutil.verb
.code.tex")
("C:\Program Files (x86)\MiKTeX 2.9\tex\generic\pgfplots\libs\pgflibrarypgfplot
s.surfshading.code.tex"
\c@pgfplotslibrarysurf@no=\count148

("C:\Program Files (x86)\MiKTeX 2.9\tex\generic\pgfplots\sys\pgflibrarypgfplots
.surfshading.pgfsys-pdftex.def")))
("C:\Program Files (x86)\MiKTeX 2.9\tex\generic\pgfplots\util\pgfplotscolormap.
code.tex")
("C:\Program Files (x86)\MiKTeX 2.9\tex\generic\pgfplots\pgfplotsstackedplots.c
ode.tex")
("C:\Program Files (x86)\MiKTeX 2.9\tex\generic\pgfplots\pgfplotsplothandlers.c
ode.tex"
("C:\Program Files (x86)\MiKTeX 2.9\tex\generic\pgfplots\pgfplotsmeshplothandle
r.code.tex"))
("C:\Program Files (x86)\MiKTeX 2.9\tex\generic\pgfplots\pgfplotscoordprocessin
g.code.tex")
("C:\Program Files (x86)\MiKTeX 2.9\tex\generic\pgfplots\pgfplotsticks.code.tex
")
("C:\Program Files (x86)\MiKTeX 2.9\tex\generic\pgfplots\pgfplots.paths.code.te
x")
("C:\Program Files (x86)\MiKTeX 2.9\tex\generic\pgf\frontendlayer\tikz\librarie
s\tikzlibrarydecorations.code.tex"
("C:\Program Files (x86)\MiKTeX 2.9\tex\generic\pgf\modules\pgfmoduledecoration
s.code.tex"
\pgfdecoratedcompleteddistance=\dimen183
\pgfdecoratedremainingdistance=\dimen184
\pgfdecoratedinputsegmentcompleteddistance=\dimen185
\pgfdecoratedinputsegmentremainingdistance=\dimen186
\pgf@decorate@distancetomove=\dimen187
\pgf@decorate@repeatstate=\count149
\pgfdecorationsegmentamplitude=\dimen188
\pgfdecorationsegmentlength=\dimen189
)
\tikz@lib@dec@box=\box43
)
("C:\Program Files (x86)\MiKTeX 2.9\tex\generic\pgf\frontendlayer\tikz\librarie
s\tikzlibrarydecorations.pathmorphing.code.tex"
("C:\Program Files (x86)\MiKTeX 2.9\tex\generic\pgf\libraries\decorations\pgfli
brarydecorations.pathmorphing.code.tex"))
("C:\Program Files (x86)\MiKTeX 2.9\tex\generic\pgf\frontendlayer\tikz\librarie
s\tikzlibrarydecorations.pathreplacing.code.tex"
("C:\Program Files (x86)\MiKTeX 2.9\tex\generic\pgf\libraries\decorations\pgfli
brarydecorations.pathreplacing.code.tex"))
\pgfplots@numplots=\count150
\pgfplots@xmin@reg=\dimen190
\pgfplots@xmax@reg=\dimen191
\pgfplots@ymin@reg=\dimen192
\pgfplots@ymax@reg=\dimen193
\pgfplots@zmin@reg=\dimen194
\pgfplots@zmax@reg=\dimen195
)
("C:\Program Files (x86)\MiKTeX 2.9\tex\generic\pgf\frontendlayer\tikz\librarie
s\tikzlibraryplotmarks.code.tex"
File: tikzlibraryplotmarks.code.tex 2008/01/09 v2.10 (rcs-revision 1.1)

("C:\Program Files (x86)\MiKTeX 2.9\tex\generic\pgf\libraries\pgflibraryplotmar
ks.code.tex"
File: pgflibraryplotmarks.code.tex 2010/10/15 v2.10 (rcs-revision 1.12)
)))
("C:\Program Files (x86)\MiKTeX 2.9\tex\generic\pgf\frontendlayer\tikz\librarie
s\tikzlibrarycircuits.ee.IEC.code.tex"
("C:\Program Files (x86)\MiKTeX 2.9\tex\generic\pgf\frontendlayer\tikz\librarie
s\tikzlibrarycircuits.ee.code.tex"
("C:\Program Files (x86)\MiKTeX 2.9\tex\generic\pgf\frontendlayer\tikz\librarie
s\tikzlibrarycircuits.code.tex"
("C:\Program Files (x86)\MiKTeX 2.9\tex\generic\pgf\frontendlayer\tikz\librarie
s\tikzlibrarydecorations.markings.code.tex"
("C:\Program Files (x86)\MiKTeX 2.9\tex\generic\pgf\libraries\decorations\pgfli
brarydecorations.markings.code.tex"))
("C:\Program Files (x86)\MiKTeX 2.9\tex\generic\pgf\frontendlayer\tikz\librarie
s\tikzlibrarycalc.code.tex"
File: tikzlibrarycalc.code.tex 2009/09/04 v2.10 (rcs-revision 1.6)
)
\tikz@lib@circ@count=\count151
\tikzcircuitssizeunit=\dimen196
)
("C:\Program Files (x86)\MiKTeX 2.9\tex\generic\pgf\libraries\shapes\circuits\p
gflibraryshapes.gates.ee.code.tex"))
("C:\Program Files (x86)\MiKTeX 2.9\tex\generic\pgf\frontendlayer\tikz\librarie
s\tikzlibraryarrows.code.tex"
File: tikzlibraryarrows.code.tex 2008/01/09 v2.10 (rcs-revision 1.1)

("C:\Program Files (x86)\MiKTeX 2.9\tex\generic\pgf\libraries\pgflibraryarrows.
code.tex"
File: pgflibraryarrows.code.tex 2008/10/27 v2.10 (rcs-revision 1.9)
\arrowsize=\dimen197
))
("C:\Program Files (x86)\MiKTeX 2.9\tex\generic\pgf\libraries\shapes\circuits\p
gflibraryshapes.gates.ee.IEC.code.tex"))
Package hyperref Info: Option `colorlinks' set `false' on input line 74.
)
(C:\Users\dkoeppel.VIRTUALNETWORKS\git\ELT4\elt4.aux)
LaTeX Font Info:    Checking defaults for OML/pxmi/m/it on input line 20.
LaTeX Font Info:    Try loading font information for OML+pxmi on input line 20.


("C:\Program Files (x86)\MiKTeX 2.9\tex\latex\pxfonts\omlpxmi.fd"
File: omlpxmi.fd 2000/12/14 v1.0
)
LaTeX Font Info:    ... okay on input line 20.
LaTeX Font Info:    Checking defaults for T1/cmr/m/n on input line 20.
LaTeX Font Info:    ... okay on input line 20.
LaTeX Font Info:    Checking defaults for OT1/cmr/m/n on input line 20.
LaTeX Font Info:    ... okay on input line 20.
LaTeX Font Info:    Checking defaults for OMS/pxsy/m/n on input line 20.
LaTeX Font Info:    Try loading font information for OMS+pxsy on input line 20.


("C:\Program Files (x86)\MiKTeX 2.9\tex\latex\pxfonts\omspxsy.fd"
File: omspxsy.fd 2000/12/14 v1.0
)
LaTeX Font Info:    ... okay on input line 20.
LaTeX Font Info:    Checking defaults for OMX/pxex/m/n on input line 20.
LaTeX Font Info:    Try loading font information for OMX+pxex on input line 20.


("C:\Program Files (x86)\MiKTeX 2.9\tex\latex\pxfonts\omxpxex.fd"
File: omxpxex.fd 2000/12/14 v1.0
)
LaTeX Font Info:    ... okay on input line 20.
LaTeX Font Info:    Checking defaults for U/pxexa/m/n on input line 20.
LaTeX Font Info:    Try loading font information for U+pxexa on input line 20.

("C:\Program Files (x86)\MiKTeX 2.9\tex\latex\pxfonts\upxexa.fd"
File: upxexa.fd 2000/12/14 v1.0
)
LaTeX Font Info:    ... okay on input line 20.
LaTeX Font Info:    Checking defaults for PD1/pdf/m/n on input line 20.
LaTeX Font Info:    ... okay on input line 20.
LaTeX Font Info:    Try loading font information for OT1+pxr on input line 20.

("C:\Program Files (x86)\MiKTeX 2.9\tex\latex\pxfonts\ot1pxr.fd"
File: ot1pxr.fd 2000/12/14 v1.0
)
*geometry* driver: auto-detecting
*geometry* detected driver: pdftex
*geometry* verbose mode - [ preamble ] result:
* driver: pdftex
* paper: a4paper
* layout: <same size as paper>
* layoutoffset:(h,v)=(0.0pt,0.0pt)
* modes: includehead includefoot twoside 
* h-part:(L,W,R)=(28.45274pt, 540.60239pt, 28.45274pt)
* v-part:(T,H,B)=(28.45274pt, 788.14136pt, 28.45274pt)
* \paperwidth=597.50787pt
* \paperheight=845.04684pt
* \textwidth=540.60239pt
* \textheight=721.14136pt
* \oddsidemargin=-43.81725pt
* \evensidemargin=-43.81725pt
* \topmargin=-43.81725pt
* \headheight=12.0pt
* \headsep=25.0pt
* \topskip=10.0pt
* \footskip=30.0pt
* \marginparwidth=111.0pt
* \marginparsep=11.0pt
* \columnsep=10.0pt
* \skip\footins=9.0pt plus 4.0pt minus 2.0pt
* \hoffset=0.0pt
* \voffset=0.0pt
* \mag=1000
* \@twocolumnfalse
* \@twosidetrue
* \@mparswitchtrue
* \@reversemarginfalse
* (1in=72.27pt=25.4mm, 1cm=28.453pt)

("C:\Program Files (x86)\MiKTeX 2.9\tex\context\base\supp-pdf.mkii"
[Loading MPS to PDF converter (version 2006.09.02).]
\scratchcounter=\count152
\scratchdimen=\dimen198
\scratchbox=\box44
\nofMPsegments=\count153
\nofMParguments=\count154
\everyMPshowfont=\toks48
\MPscratchCnt=\count155
\MPscratchDim=\dimen199
\MPnumerator=\count156
\makeMPintoPDFobject=\count157
\everyMPtoPDFconversion=\toks49
)
Package lastpage Info: Please have a look at the pageslts package at
(lastpage)             http://www.ctan.org/tex-archive/ 
(lastpage)             macros/latex/contrib/pageslts/ 
(lastpage)             or
(lastpage)             http://www.ctan.org/tex-archive/ 
(lastpage)             install/macros/latex/contrib/pageslts.tds.zip
(lastpage)             ! on input line 20.
\AtBeginShipoutBox=\box45
Package hyperref Info: Link coloring OFF on input line 20.
 ("C:\Program Files (x86)\MiKTeX 2.9\tex\latex\hyperref\nameref.sty"
Package: nameref 2010/04/30 v2.40 Cross-referencing by name of section

("C:\Program Files (x86)\MiKTeX 2.9\tex\generic\oberdiek\gettitlestring.sty"
Package: gettitlestring 2010/12/03 v1.4 Cleanup title references (HO)
)
\c@section@level=\count158
LaTeX Info: Redefining \Ref on input line 498.
)
LaTeX Info: Redefining \ref on input line 20.
LaTeX Info: Redefining \pageref on input line 20.
LaTeX Info: Redefining \nameref on input line 20.

(C:\Users\dkoeppel.VIRTUALNETWORKS\git\ELT4\elt4.out)
(C:\Users\dkoeppel.VIRTUALNETWORKS\git\ELT4\elt4.out)
\@outlinefile=\write5
LaTeX Info: Redefining \Ref on input line 20.

ABD: EveryShipout initializing macros
(C:\Users\dkoeppel.VIRTUALNETWORKS\git\ELT4\sections\Schwingkreise.tex
LaTeX Font Info:    Try loading font information for U+pxsya on input line 3.

("C:\Program Files (x86)\MiKTeX 2.9\tex\latex\pxfonts\upxsya.fd"
File: upxsya.fd 2000/12/14 v1.0
)
LaTeX Font Info:    Try loading font information for U+pxsyb on input line 3.

("C:\Program Files (x86)\MiKTeX 2.9\tex\latex\pxfonts\upxsyb.fd"
File: utxsyb.fd 2000/12/14 v1.0
)
LaTeX Font Info:    Try loading font information for U+pxmia on input line 3.

("C:\Program Files (x86)\MiKTeX 2.9\tex\latex\pxfonts\upxmia.fd"
File: upxmia.fd 2000/12/14 v1.0
)
LaTeX Font Info:    Try loading font information for U+pxsyc on input line 3.

("C:\Program Files (x86)\MiKTeX 2.9\tex\latex\pxfonts\upxsyc.fd"
File: upxsyc.fd 2000/12/14 v1.0
)
LaTeX Font Info:    Try loading font information for U+esint on input line 3.

("C:\Program Files (x86)\MiKTeX 2.9\tex\latex\esint\uesint.fd"
File: uesint.fd 
)
(C:\Users\dkoeppel.VIRTUALNETWORKS\git\ELT4\tikzPictures/ParallelSKbeschriftet.
tex) (C:\Users\dkoeppel.VIRTUALNETWORKS\git\ELT4\tikzPictures/SerieSK.tex)

Package xcolor Warning: Incompatible color definition on input line 35.


Overfull \hbox (4.95767pt too wide) in paragraph at lines 35--35
[][][]\OT1/pxr/m/n/10 Standardstartbedingungen[]| 
 []


Package xcolor Warning: Incompatible color definition on input line 39.


Underfull \hbox (badness 10000) in paragraph at lines 39--40

 []


Package xcolor Warning: Incompatible color definition on input line 44.


Underfull \hbox (badness 10000) in paragraph at lines 44--45

 []


Package xcolor Warning: Incompatible color definition on input line 54.


Package xcolor Warning: Incompatible color definition on input line 56.


Package xcolor Warning: Incompatible color definition on input line 72.


Package xcolor Warning: Incompatible color definition on input line 73.


Package xcolor Warning: Incompatible color definition on input line 89.


Package xcolor Warning: Incompatible color definition on input line 91.


Overfull \hbox (7.5472pt too wide) in paragraph at lines 3--96
[] 
 []


(C:\Users\dkoeppel.VIRTUALNETWORKS\git\ELT4\tikzPictures/BandbreiteVerstimmung.
tex)
Underfull \hbox (badness 10000) in paragraph at lines 127--127

 []


Underfull \hbox (badness 1888) in paragraph at lines 127--127
\OML/pxmi/m/it/10  \OT1/pxr/m/n/10 = [] \OMS/pxsy/m/n/10   [] [] \OT1/pxr/m/n/
10 = [] =
 []

(C:\Users\dkoeppel.VIRTUALNETWORKS\git\ELT4\tikzPictures/ZeigerdiagrammL.tex)
(C:\Users\dkoeppel.VIRTUALNETWORKS\git\ELT4\tikzPictures/ZeigerdiagrammM.tex)
(C:\Users\dkoeppel.VIRTUALNETWORKS\git\ELT4\tikzPictures/ZeigerdiagrammR.tex)
Overfull \hbox (16.43446pt too wide) in paragraph at lines 103--139
[][] 
 []


Underfull \vbox (badness 10000) has occurred while \output is active []

 [1{C:/Users/dkoeppel.VIRTUALNETWORKS/AppData/Local/MiKTeX/2.9/pdftex/config/pd
ftex.map}



]
Underfull \hbox (badness 10000) in paragraph at lines 148--149

 []

)
Overfull \hbox (7.5472pt too wide) in paragraph at lines 152--27
[][][]
 []


Underfull \hbox (badness 10000) in paragraph at lines 152--27

 []

(C:\Users\dkoeppel.VIRTUALNETWORKS\git\ELT4\sections\RET.tex
<./bilder/Induktivitaet.png, id=204, 360.34625pt x 199.74625pt>
File: ./bilder/Induktivitaet.png Graphic file (type png)

<use ./bilder/Induktivitaet.png>
Package pdftex.def Info: ./bilder/Induktivitaet.png used on input line 6.
(pdftex.def)             Requested size: 99.58464pt x 55.20012pt.

Underfull \hbox (badness 10000) in paragraph at lines 13--13

 []

<./bilder/Kapazitaet.png, id=205, 354.32375pt x 219.82124pt>
File: ./bilder/Kapazitaet.png Graphic file (type png)

<use ./bilder/Kapazitaet.png>
Package pdftex.def Info: ./bilder/Kapazitaet.png used on input line 17.
(pdftex.def)             Requested size: 99.58464pt x 61.78096pt.

Underfull \hbox (badness 10000) in paragraph at lines 24--24

 []


Overfull \hbox (19.54727pt too wide) in paragraph at lines 3--26
[][] 
 []

[2 <C:/Users/dkoeppel.VIRTUALNETWORKS/git/ELT4/bilder/Induktivitaet.png> <C:/Us
ers/dkoeppel.VIRTUALNETWORKS/git/ELT4/bilder/Kapazitaet.png>]
<./bilder/LTyp.png, id=212, 116.435pt x 55.20625pt>
File: ./bilder/LTyp.png Graphic file (type png)
 <use ./bilder/LTyp.png>
Package pdftex.def Info: ./bilder/LTyp.png used on input line 53.
(pdftex.def)             Requested size: 42.67912pt x 20.2356pt.

<./bilder/RET-LTyp.png, id=213, 451.6875pt x 223.83624pt>
File: ./bilder/RET-LTyp.png Graphic file (type png)

<use ./bilder/RET-LTyp.png>
Package pdftex.def Info: ./bilder/RET-LTyp.png used on input line 56.
(pdftex.def)             Requested size: 85.35826pt x 42.29707pt.

<./bilder/CTyp.png, id=214, 106.3975pt x 57.21375pt>
File: ./bilder/CTyp.png Graphic file (type png)
 <use ./bilder/CTyp.png>
Package pdftex.def Info: ./bilder/CTyp.png used on input line 72.
(pdftex.def)             Requested size: 42.67912pt x 22.95056pt.

<./bilder/RET-CTyp.png, id=215, 442.65375pt x 239.89626pt>
File: ./bilder/RET-CTyp.png Graphic file (type png)

<use ./bilder/RET-CTyp.png>
Package pdftex.def Info: ./bilder/RET-CTyp.png used on input line 75.
(pdftex.def)             Requested size: 85.35826pt x 46.25795pt.

<./bilder/PTyp.png, id=216, 107.40125pt x 73.27374pt>
File: ./bilder/PTyp.png Graphic file (type png)
 <use ./bilder/PTyp.png>
Package pdftex.def Info: ./bilder/PTyp.png used on input line 91.
(pdftex.def)             Requested size: 42.67912pt x 29.11777pt.

<./bilder/RET-PTyp.png, id=217, 430.60875pt x 245.91875pt>
File: ./bilder/RET-PTyp.png Graphic file (type png)

<use ./bilder/RET-PTyp.png>
Package pdftex.def Info: ./bilder/RET-PTyp.png used on input line 94.
(pdftex.def)             Requested size: 85.35826pt x 48.74759pt.

<./bilder/STyp.png, id=218, 116.435pt x 61.22874pt>
File: ./bilder/STyp.png Graphic file (type png)
 <use ./bilder/STyp.png>
Package pdftex.def Info: ./bilder/STyp.png used on input line 110.
(pdftex.def)             Requested size: 42.67912pt x 22.44312pt.

<./bilder/RET-STyp.png, id=219, 431.6125pt x 249.93375pt>
File: ./bilder/RET-STyp.png Graphic file (type png)

<use ./bilder/RET-STyp.png>
Package pdftex.def Info: ./bilder/RET-STyp.png used on input line 113.
(pdftex.def)             Requested size: 85.35826pt x 49.42525pt.
 [3 <C:/Users/dkoeppel.VIRTUALNETWORKS/git/ELT4/bilder/LTyp.png> <C:/Users/dkoe
ppel.VIRTUALNETWORKS/git/ELT4/bilder/RET-LTyp.png> <C:/Users/dkoeppel.VIRTUALNE
TWORKS/git/ELT4/bilder/CTyp.png> <C:/Users/dkoeppel.VIRTUALNETWORKS/git/ELT4/bi
lder/RET-CTyp.png> <C:/Users/dkoeppel.VIRTUALNETWORKS/git/ELT4/bilder/PTyp.png>
 <C:/Users/dkoeppel.VIRTUALNETWORKS/git/ELT4/bilder/RET-PTyp.png> <C:/Users/dko
eppel.VIRTUALNETWORKS/git/ELT4/bilder/STyp.png> <C:/Users/dkoeppel.VIRTUALNETWO
RKS/git/ELT4/bilder/RET-STyp.png>]
Underfull \hbox (badness 1226) in paragraph at lines 193--193
[]$ $[]$ $[]$
 []


Underfull \hbox (badness 10000) in paragraph at lines 193--193

 []


Underfull \hbox (badness 10000) in paragraph at lines 197--231

 []


<./bilder/PartialbruchImpedanzfunktion.png, id=229, 432.61626pt x 139.52126pt>
File: ./bilder/PartialbruchImpedanzfunktion.png Graphic file (type png)

<use ./bilder/PartialbruchImpedanzfunktion.png>
Package pdftex.def Info: ./bilder/PartialbruchImpedanzfunktion.png used on inpu
t line 235.
(pdftex.def)             Requested size: 170.71652pt x 55.056pt.

<./bilder/KettenbruchImpedanzfunktion.png, id=230, 417.56pt x 135.50626pt>
File: ./bilder/KettenbruchImpedanzfunktion.png Graphic file (type png)

<use ./bilder/KettenbruchImpedanzfunktion.png>
Package pdftex.def Info: ./bilder/KettenbruchImpedanzfunktion.png used on input
 line 240.
(pdftex.def)             Requested size: 170.71652pt x 55.40077pt.

<./bilder/PartialbruchAdmittanzfunktion.png, id=231, 457.71pt x 141.52875pt>
File: ./bilder/PartialbruchAdmittanzfunktion.png Graphic file (type png)

<use ./bilder/PartialbruchAdmittanzfunktion.png>
Package pdftex.def Info: ./bilder/PartialbruchAdmittanzfunktion.png used on inp
ut line 245.
(pdftex.def)             Requested size: 170.71652pt x 52.78592pt.

<./bilder/KettenbruchAdmittanzfunktion.png, id=232, 418.56375pt x 138.5175pt>
File: ./bilder/KettenbruchAdmittanzfunktion.png Graphic file (type png)

<use ./bilder/KettenbruchAdmittanzfunktion.png>
Package pdftex.def Info: ./bilder/KettenbruchAdmittanzfunktion.png used on inpu
t line 250.
(pdftex.def)             Requested size: 170.71652pt x 56.4945pt.
) [4 <C:/Users/dkoeppel.VIRTUALNETWORKS/git/ELT4/bilder/PartialbruchImpedanzfun
ktion.png> <C:/Users/dkoeppel.VIRTUALNETWORKS/git/ELT4/bilder/KettenbruchImpeda
nzfunktion.png> <C:/Users/dkoeppel.VIRTUALNETWORKS/git/ELT4/bilder/Partialbruch
Admittanzfunktion.png> <C:/Users/dkoeppel.VIRTUALNETWORKS/git/ELT4/bilder/Kette
nbruchAdmittanzfunktion.png>]
(C:\Users\dkoeppel.VIRTUALNETWORKS\git\ELT4\sections\Vierpole.tex
<./bilder/vierpol.png, id=257, 293.095pt x 99.37125pt>
File: ./bilder/vierpol.png Graphic file (type png)

<use ./bilder/vierpol.png>
Package pdftex.def Info: ./bilder/vierpol.png used on input line 6.
(pdftex.def)             Requested size: 125.88527pt x 42.67912pt.

Overfull \hbox (9.02838pt too wide) in paragraph at lines 16--116
[][][]
 []


Underfull \hbox (badness 10000) in paragraph at lines 16--116

 []

<./bilder/sekKurzschluss.png, id=258, 271.0125pt x 146.5475pt>
File: ./bilder/sekKurzschluss.png Graphic file (type png)

<use ./bilder/sekKurzschluss.png>
Package pdftex.def Info: ./bilder/sekKurzschluss.png used on input line 253.
(pdftex.def)             Requested size: 94.71104pt x 51.21504pt.

<./bilder/sekLeerlauf.png, id=259, 295.1025pt x 145.54375pt>
File: ./bilder/sekLeerlauf.png Graphic file (type png)

<use ./bilder/sekLeerlauf.png>
Package pdftex.def Info: ./bilder/sekLeerlauf.png used on input line 254.
(pdftex.def)             Requested size: 103.84126pt x 51.21504pt.

<./bilder/primKurzschluss.png, id=260, 274.02374pt x 146.5475pt>
File: ./bilder/primKurzschluss.png Graphic file (type png)

<use ./bilder/primKurzschluss.png>
Package pdftex.def Info: ./bilder/primKurzschluss.png used on input line 257.
(pdftex.def)             Requested size: 95.7634pt x 51.21504pt.

<./bilder/primLeerlauf.png, id=261, 294.09875pt x 144.54pt>
File: ./bilder/primLeerlauf.png Graphic file (type png)

<use ./bilder/primLeerlauf.png>
Package pdftex.def Info: ./bilder/primLeerlauf.png used on input line 258.
(pdftex.def)             Requested size: 104.20609pt x 51.21504pt.

<./bilder/Serieschaltung2Tore.png, id=262, 316.18124pt x 204.765pt>
File: ./bilder/Serieschaltung2Tore.png Graphic file (type png)

<use ./bilder/Serieschaltung2Tore.png>
Package pdftex.def Info: ./bilder/Serieschaltung2Tore.png used on input line 33
5.
(pdftex.def)             Requested size: 133.72786pt x 86.60684pt.

<./bilder/Parallelschaltung2Tore.png, id=263, 316.18124pt x 206.7725pt>
File: ./bilder/Parallelschaltung2Tore.png Graphic file (type png)

<use ./bilder/Parallelschaltung2Tore.png>
Package pdftex.def Info: ./bilder/Parallelschaltung2Tore.png used on input line
 338.
(pdftex.def)             Requested size: 133.72786pt x 87.45593pt.

<./bilder/SerieParallelschaltung2Tore.png, id=264, 315.1775pt x 205.76875pt>
File: ./bilder/SerieParallelschaltung2Tore.png Graphic file (type png)

<use ./bilder/SerieParallelschaltung2Tore.png>
Package pdftex.def Info: ./bilder/SerieParallelschaltung2Tore.png used on input
 line 344.
(pdftex.def)             Requested size: 133.72786pt x 87.3077pt.

<./bilder/Kettenschaltung2Tore.png, id=265, 388.45125pt x 114.4275pt>
File: ./bilder/Kettenschaltung2Tore.png Graphic file (type png)

<use ./bilder/Kettenschaltung2Tore.png>
Package pdftex.def Info: ./bilder/Kettenschaltung2Tore.png used on input line 3
47.
(pdftex.def)             Requested size: 133.72786pt x 39.3937pt.

Overfull \hbox (6.92819pt too wide) in paragraph at lines 329--350
[][][] 
 []


Underfull \hbox (badness 10000) in paragraph at lines 327--351

 []


Underfull \hbox (badness 10000) in paragraph at lines 327--351

 []

[5 <C:/Users/dkoeppel.VIRTUALNETWORKS/git/ELT4/bilder/vierpol.png> <C:/Users/dk
oeppel.VIRTUALNETWORKS/git/ELT4/bilder/sekKurzschluss.png> <C:/Users/dkoeppel.V
IRTUALNETWORKS/git/ELT4/bilder/sekLeerlauf.png> <C:/Users/dkoeppel.VIRTUALNETWO
RKS/git/ELT4/bilder/primKurzschluss.png> <C:/Users/dkoeppel.VIRTUALNETWORKS/git
/ELT4/bilder/primLeerlauf.png> <C:/Users/dkoeppel.VIRTUALNETWORKS/git/ELT4/bild
er/Serieschaltung2Tore.png> <C:/Users/dkoeppel.VIRTUALNETWORKS/git/ELT4/bilder/
Parallelschaltung2Tore.png> <C:/Users/dkoeppel.VIRTUALNETWORKS/git/ELT4/bilder/
SerieParallelschaltung2Tore.png> <C:/Users/dkoeppel.VIRTUALNETWORKS/git/ELT4/bi
lder/Kettenschaltung2Tore.png>]
<./bilder/Querimpedanz.png, id=271, 164.615pt x 102.3825pt>
File: ./bilder/Querimpedanz.png Graphic file (type png)

<use ./bilder/Querimpedanz.png>
Package pdftex.def Info: ./bilder/Querimpedanz.png used on input line 446.
(pdftex.def)             Requested size: 65.44142pt x 40.70232pt.

<./bilder/Laengsimpedanz.png, id=272, 164.615pt x 100.375pt>
File: ./bilder/Laengsimpedanz.png Graphic file (type png)

<use ./bilder/Laengsimpedanz.png>
Package pdftex.def Info: ./bilder/Laengsimpedanz.png used on input line 457.
(pdftex.def)             Requested size: 65.44142pt x 39.90422pt.

<./bilder/TGlied.png, id=273, 160.6pt x 104.39pt>
File: ./bilder/TGlied.png Graphic file (type png)
 <use ./bilder/TGlied.png>
Package pdftex.def Info: ./bilder/TGlied.png used on input line 468.
(pdftex.def)             Requested size: 65.44142pt x 42.53734pt.

<./bilder/PiGlied.png, id=274, 161.60374pt x 106.3975pt>
File: ./bilder/PiGlied.png Graphic file (type png)

<use ./bilder/PiGlied.png>
Package pdftex.def Info: ./bilder/PiGlied.png used on input line 483.
(pdftex.def)             Requested size: 65.44142pt x 43.08588pt.

<./bilder/Vierpol-Uebertrager.png, id=275, 134.5025pt x 108.405pt>
File: ./bilder/Vierpol-Uebertrager.png Graphic file (type png)

<use ./bilder/Vierpol-Uebertrager.png>
Package pdftex.def Info: ./bilder/Vierpol-Uebertrager.png used on input line 49
8.
(pdftex.def)             Requested size: 65.44142pt x 52.74342pt.

<./bilder/Vierpol-Gegeninduktivitaet.png, id=277, 182.6825pt x 110.4125pt>
File: ./bilder/Vierpol-Gegeninduktivitaet.png Graphic file (type png)

<use ./bilder/Vierpol-Gegeninduktivitaet.png>
Package pdftex.def Info: ./bilder/Vierpol-Gegeninduktivitaet.png used on input 
line 506.
(pdftex.def)             Requested size: 65.44142pt x 39.55135pt.

Overfull \hbox (8.99463pt too wide) in paragraph at lines 440--525
[][]
 []


Underfull \hbox (badness 10000) in paragraph at lines 440--525

 []

) [6 <C:/Users/dkoeppel.VIRTUALNETWORKS/git/ELT4/bilder/Querimpedanz.png> <C:/U
sers/dkoeppel.VIRTUALNETWORKS/git/ELT4/bilder/Laengsimpedanz.png> <C:/Users/dko
eppel.VIRTUALNETWORKS/git/ELT4/bilder/TGlied.png> <C:/Users/dkoeppel.VIRTUALNET
WORKS/git/ELT4/bilder/PiGlied.png> <C:/Users/dkoeppel.VIRTUALNETWORKS/git/ELT4/
bilder/Vierpol-Uebertrager.png> <C:/Users/dkoeppel.VIRTUALNETWORKS/git/ELT4/bil
der/Vierpol-Gegeninduktivitaet.png>]
(C:\Users\dkoeppel.VIRTUALNETWORKS\git\ELT4\sections\Leitungstheorie.tex

LaTeX Warning: File `/bilder/LeitungselementESB.png' not found on input line 7.



! Package pdftex.def Error: File `/bilder/LeitungselementESB.png' not found.

See the pdftex.def package documentation for explanation.
Type  H <return>  for immediate help.
 ...                                              
                                                  
l.7 ...[width=8cm]{/bilder/LeitungselementESB.png}
                                                  
Using draft setting for this image.
Try typing  <return>  to proceed.
If that doesn't work, type  X <return>  to quit.

LaTeX Font Info:    Try loading font information for OT1+pxtt on input line 7.
("C:\Program Files (x86)\MiKTeX 2.9\tex\latex\pxfonts\ot1pxtt.fd"
File: ot1pxtt.fd 2000/12/14 v1.0
)
Underfull \hbox (badness 10000) in paragraph at lines 10--15

 []


Underfull \hbox (badness 10000) in paragraph at lines 17--23

 []


Underfull \hbox (badness 10000) in paragraph at lines 33--45

 []


Overfull \hbox (128.0374pt too wide) in paragraph at lines 31--46
[][]$[]$| 
 []


Overfull \hbox (0.20473pt too wide) in paragraph at lines 53--130
[][]  
 []


Underfull \vbox (badness 5741) has occurred while \output is active []

 [7]
[8]

LaTeX Warning: File `../El4/bilder/LeitungenParallel.png' not found on input li
ne 270.


! Package pdftex.def Error: File `../El4/bilder/LeitungenParallel.png' not foun
d.

See the pdftex.def package documentation for explanation.
Type  H <return>  for immediate help.
 ...                                              
                                                  
l.270 ...3cm]{../El4/bilder/LeitungenParallel.png}
                                                  
Using draft setting for this image.
Try typing  <return>  to proceed.
If that doesn't work, type  X <return>  to quit.


LaTeX Warning: File `../El4/bilder/LeitungenKapazitaeten.png' not found on inpu
t line 271.


! Package pdftex.def Error: File `../El4/bilder/LeitungenKapazitaeten.png' not 
found.

See the pdftex.def package documentation for explanation.
Type  H <return>  for immediate help.
 ...                                              
                                                  
l.271 ...{../El4/bilder/LeitungenKapazitaeten.png}
                                                   \\
Using draft setting for this image.
Try typing  <return>  to proceed.
If that doesn't work, type  X <return>  to quit.


LaTeX Warning: File `../El4/bilder/LeitungenParallel2.png' not found on input l
ine 272.


! Package pdftex.def Error: File `../El4/bilder/LeitungenParallel2.png' not fou
nd.

See the pdftex.def package documentation for explanation.
Type  H <return>  for immediate help.
 ...                                              
                                                  
l.272 ...cm]{../El4/bilder/LeitungenParallel2.png}
                                                  
Using draft setting for this image.
Try typing  <return>  to proceed.
If that doesn't work, type  X <return>  to quit.


Overfull \hbox (14.50002pt too wide) in paragraph at lines 269--274
[][][] 
 []


LaTeX Warning: File `../El4/bilder/Induktivitaetsbelag.png' not found on input 
line 316.


! Package pdftex.def Error: File `../El4/bilder/Induktivitaetsbelag.png' not fo
und.

See the pdftex.def package documentation for explanation.
Type  H <return>  for immediate help.
 ...                                              
                                                  
l.316 ...m]{../El4/bilder/Induktivitaetsbelag.png}
                                                  
Using draft setting for this image.
Try typing  <return>  to proceed.
If that doesn't work, type  X <return>  to quit.


Overfull \hbox (169.5867pt too wide) in paragraph at lines 325--341
[][][]
 []


Underfull \hbox (badness 10000) in paragraph at lines 325--341

 []


LaTeX Warning: File `../El4/bilder/VerlaufSpannungsbetrag.png' not found on inp
ut line 347.


! Package pdftex.def Error: File `../El4/bilder/VerlaufSpannungsbetrag.png' not
 found.

See the pdftex.def package documentation for explanation.
Type  H <return>  for immediate help.
 ...                                              
                                                  
l.347 ...../El4/bilder/VerlaufSpannungsbetrag.png}
                                                  
Using draft setting for this image.
Try typing  <return>  to proceed.
If that doesn't work, type  X <return>  to quit.


LaTeX Warning: File `../El4/bilder/VerlaufSpannungsbetragOffeneLtg.png' not fou
nd on input line 352.


! Package pdftex.def Error: File `../El4/bilder/VerlaufSpannungsbetragOffeneLtg
.png' not found.

See the pdftex.def package documentation for explanation.
Type  H <return>  for immediate help.
 ...                                              
                                                  
l.352 ...lder/VerlaufSpannungsbetragOffeneLtg.png}
                                                  
Using draft setting for this image.
Try typing  <return>  to proceed.
If that doesn't work, type  X <return>  to quit.

[9]

LaTeX Warning: File `../El4/bilder/Leitungen_MFReflx_EnAP_SnAP.png' not found o
n input line 375.


! Package pdftex.def Error: File `../El4/bilder/Leitungen_MFReflx_EnAP_SnAP.png
' not found.

See the pdftex.def package documentation for explanation.
Type  H <return>  for immediate help.
 ...                                              
                                                  
l.375 ...4/bilder/Leitungen_MFReflx_EnAP_SnAP.png}
                                                  
Using draft setting for this image.
Try typing  <return>  to proceed.
If that doesn't work, type  X <return>  to quit.


Underfull \hbox (badness 1057) in paragraph at lines 379--395
\OT1/pxr/m/n/10 Zur Be-rech-nung der Span-nung $[][]$ wer-den al-le Wi-
 []


Underfull \hbox (badness 1033) in paragraph at lines 379--395
\OT1/pxr/m/n/10 derst[]ande am Lei-tungs-en-de igno-riert ($[][] = 0$). Die
 []


Underfull \hbox (badness 10000) in paragraph at lines 379--395

 []


LaTeX Warning: File `../El4/bilder/Leitungen_MFReflx_EnAP_SnAP_RaumZeit.png' no
t found on input line 398.


! Package pdftex.def Error: File `../El4/bilder/Leitungen_MFReflx_EnAP_SnAP_Rau
mZeit.png' not found.

See the pdftex.def package documentation for explanation.
Type  H <return>  for immediate help.
 ...                                              
                                                  
l.398 ...Leitungen_MFReflx_EnAP_SnAP_RaumZeit.png}
                                                  
Using draft setting for this image.
Try typing  <return>  to proceed.
If that doesn't work, type  X <return>  to quit.


LaTeX Warning: File `../El4/bilder/Leitungen_MFReflx_EnAP_SnAP_Eingangsspannung
.png' not found on input line 402.


! Package pdftex.def Error: File `../El4/bilder/Leitungen_MFReflx_EnAP_SnAP_Ein
gangsspannung.png' not found.

See the pdftex.def package documentation for explanation.
Type  H <return>  for immediate help.
 ...                                              
                                                  
l.402 ...n_MFReflx_EnAP_SnAP_Eingangsspannung.png}
                                                  
Using draft setting for this image.
Try typing  <return>  to proceed.
If that doesn't work, type  X <return>  to quit.

) (C:\Users\dkoeppel.VIRTUALNETWORKS\git\ELT4\sections\Smith-Chart.tex

LaTeX Warning: File `../El4/bilder/SmithChart2.png' not found on input line 19.



! Package pdftex.def Error: File `../El4/bilder/SmithChart2.png' not found.

See the pdftex.def package documentation for explanation.
Type  H <return>  for immediate help.
 ...                                              
                                                  
l.19 ...height=7cm]{../El4/bilder/SmithChart2.png}
                                                  
Using draft setting for this image.
Try typing  <return>  to proceed.
If that doesn't work, type  X <return>  to quit.

[10]

Package hyperref Warning: Token not allowed in a PDF string (PDFDocEncoding):
(hyperref)                removing `math shift' on input line 26.


Package hyperref Warning: Token not allowed in a PDF string (PDFDocEncoding):
(hyperref)                removing `subscript' on input line 26.


Package hyperref Warning: Token not allowed in a PDF string (PDFDocEncoding):
(hyperref)                removing `\Omega' on input line 26.


Package hyperref Warning: Token not allowed in a PDF string (PDFDocEncoding):
(hyperref)                removing `math shift' on input line 26.

<./bilder/Fall1.png, id=314, 235.88126pt x 117.43875pt>
File: ./bilder/Fall1.png Graphic file (type png)

<use ./bilder/Fall1.png>
Package pdftex.def Info: ./bilder/Fall1.png used on input line 73.
(pdftex.def)             Requested size: 51.43332pt x 25.6073pt.

<./bilder/Fall2.png, id=315, 235.88126pt x 91.34125pt>
File: ./bilder/Fall2.png Graphic file (type png)

<use ./bilder/Fall2.png>
Package pdftex.def Info: ./bilder/Fall2.png used on input line 74.
(pdftex.def)             Requested size: 66.12907pt x 25.6073pt.
 <./bilder/Fall3.png, id=316, 232.87pt x 95.35625pt>
File: ./bilder/Fall3.png Graphic file (type png)

<use ./bilder/Fall3.png>
Package pdftex.def Info: ./bilder/Fall3.png used on input line 75.
(pdftex.def)             Requested size: 62.5346pt x 25.6073pt.
 <./bilder/Fall4.png, id=317, 216.81pt x 92.345pt>
File: ./bilder/Fall4.png Graphic file (type png)

<use ./bilder/Fall4.png>
Package pdftex.def Info: ./bilder/Fall4.png used on input line 76.
(pdftex.def)             Requested size: 60.12082pt x 25.6073pt.
 <./bilder/Fall5.png, id=318, 213.79875pt x 94.3525pt>
File: ./bilder/Fall5.png Graphic file (type png)

<use ./bilder/Fall5.png>
Package pdftex.def Info: ./bilder/Fall5.png used on input line 77.
(pdftex.def)             Requested size: 58.0233pt x 25.6073pt.
) [11 <C:/Users/dkoeppel.VIRTUALNETWORKS/git/ELT4/bilder/Fall1.png> <C:/Users/d
koeppel.VIRTUALNETWORKS/git/ELT4/bilder/Fall2.png> <C:/Users/dkoeppel.VIRTUALNE
TWORKS/git/ELT4/bilder/Fall3.png> <C:/Users/dkoeppel.VIRTUALNETWORKS/git/ELT4/b
ilder/Fall4.png> <C:/Users/dkoeppel.VIRTUALNETWORKS/git/ELT4/bilder/Fall5.png>]

(C:\Users\dkoeppel.VIRTUALNETWORKS\git\ELT4\sections\Felder.tex
<./bilder/EMW_EbeneWelle.png, id=325, 416.55624pt x 415.5525pt>
File: ./bilder/EMW_EbeneWelle.png Graphic file (type png)

<use ./bilder/EMW_EbeneWelle.png>
Package pdftex.def Info: ./bilder/EMW_EbeneWelle.png used on input line 6.
(pdftex.def)             Requested size: 113.81102pt x 113.53224pt.

Overfull \hbox (7.98859pt too wide) in paragraph at lines 5--44
[]$[]$  []
 []


Underfull \hbox (badness 10000) in paragraph at lines 5--44

 []


Underfull \hbox (badness 10000) in paragraph at lines 48--49

 []


<./bilder/EMW_LHR_SenkrechtEinfallendeWelle.png, id=326, 409.53pt x 392.46625pt
>
File: ./bilder/EMW_LHR_SenkrechtEinfallendeWelle.png Graphic file (type png)
 <use ./bilder/EMW_LHR_SenkrechtEinfallendeWelle.png>
Package pdftex.def Info: ./bilder/EMW_LHR_SenkrechtEinfallendeWelle.png used on
 input line 51.
(pdftex.def)             Requested size: 108.12054pt x 103.6138pt.

Overfull \hbox (8.93945pt too wide) in paragraph at lines 50--81
[][]$[]$  []
 []


Underfull \hbox (badness 10000) in paragraph at lines 50--81

 []


<./bilder/EMW_LHR_SchraegSenkrechtPolarisiert.png, id=327, 397.485pt x 401.5pt>
File: ./bilder/EMW_LHR_SchraegSenkrechtPolarisiert.png Graphic file (type png)
<use ./bilder/EMW_LHR_SchraegSenkrechtPolarisiert.png>
Package pdftex.def Info: ./bilder/EMW_LHR_SchraegSenkrechtPolarisiert.png used 
on input line 83.
(pdftex.def)             Requested size: 113.81102pt x 114.96167pt.

<./bilder/EMW_LHR_SchraegParallelPolarisiert.png, id=328, 406.51875pt x 401.5pt
>
File: ./bilder/EMW_LHR_SchraegParallelPolarisiert.png Graphic file (type png)
 <use ./bilder/EMW_LHR_SchraegParallelPolarisiert.png>
Package pdftex.def Info: ./bilder/EMW_LHR_SchraegParallelPolarisiert.png used o
n input line 117.
(pdftex.def)             Requested size: 113.81102pt x 112.40085pt.

Overfull \hbox (32.68257pt too wide) in paragraph at lines 82--119
[][]$[]$  []  $[]$ 
 []


Underfull \hbox (badness 10000) in paragraph at lines 121--123

 []


<./bilder/EMW_DHR_SenkrechtEinfallendeWelle.png, id=329, 360.34625pt x 370.3837
4pt>
File: ./bilder/EMW_DHR_SenkrechtEinfallendeWelle.png Graphic file (type png)
 <use ./bilder/EMW_DHR_SenkrechtEinfallendeWelle.png>
Package pdftex.def Info: ./bilder/EMW_DHR_SenkrechtEinfallendeWelle.png used on
 input line 139.
(pdftex.def)             Requested size: 113.81102pt x 116.97667pt.
 [12 <C:/Users/dkoeppel.VIRTUALNETWORKS/git/ELT4/bilder/EMW_EbeneWelle.png> <C:
/Users/dkoeppel.VIRTUALNETWORKS/git/ELT4/bilder/EMW_LHR_SenkrechtEinfallendeWel
le.png> <C:/Users/dkoeppel.VIRTUALNETWORKS/git/ELT4/bilder/EMW_LHR_SchraegSenkr
echtPolarisiert.png> <C:/Users/dkoeppel.VIRTUALNETWORKS/git/ELT4/bilder/EMW_LHR
_SchraegParallelPolarisiert.png>]
<./bilder/EMW_DHR_SchraegSenkrechtPolarisiert.png, id=335, 420.57124pt x 397.48
5pt>
File: ./bilder/EMW_DHR_SchraegSenkrechtPolarisiert.png Graphic file (type png)
 <use ./bilder/EMW_DHR_SchraegSenkrechtPolarisiert.png>
Package pdftex.def Info: ./bilder/EMW_DHR_SchraegSenkrechtPolarisiert.png used 
on input line 156.
(pdftex.def)             Requested size: 113.81102pt x 107.56499pt.

<./bilder/EMW_DHR_SchraegParallelPolarisiert.png, id=336, 406.51875pt x 389.455
pt>
File: ./bilder/EMW_DHR_SchraegParallelPolarisiert.png Graphic file (type png)
 <use ./bilder/EMW_DHR_SchraegParallelPolarisiert.png>
Package pdftex.def Info: ./bilder/EMW_DHR_SchraegParallelPolarisiert.png used o
n input line 186.
(pdftex.def)             Requested size: 113.81102pt x 109.02882pt.

Overfull \hbox (9.07614pt too wide) in paragraph at lines 155--188
[][]$[]$  []  $[]$ 
 []

<./bilder/LinAnt_HerzscherDipol.png, id=337, 405.515pt x 392.46625pt>
File: ./bilder/LinAnt_HerzscherDipol.png Graphic file (type png)

<use ./bilder/LinAnt_HerzscherDipol.png>
Package pdftex.def Info: ./bilder/LinAnt_HerzscherDipol.png used on input line 
191.
(pdftex.def)             Requested size: 138.17645pt x 133.72786pt.

Overfull \hbox (1.60315pt too wide) in paragraph at lines 191--192
[][][] 
 []


Overfull \hbox (3.549pt too wide) in paragraph at lines 190--228
[]$[]$  []
 []


Underfull \hbox (badness 10000) in paragraph at lines 190--228

 []

<./bilder/LinAnt_Stromverteilung.png, id=338, 142.5325pt x 319.1925pt>
File: ./bilder/LinAnt_Stromverteilung.png Graphic file (type png)

<use ./bilder/LinAnt_Stromverteilung.png>
Package pdftex.def Info: ./bilder/LinAnt_Stromverteilung.png used on input line
 232.
(pdftex.def)             Requested size: 57.17291pt x 128.0374pt.

<./bilder/LinAnt_Strahlung.png, id=339, 321.2pt x 297.11pt>
File: ./bilder/LinAnt_Strahlung.png Graphic file (type png)

<use ./bilder/LinAnt_Strahlung.png>
Package pdftex.def Info: ./bilder/LinAnt_Strahlung.png used on input line 278.
(pdftex.def)             Requested size: 123.03749pt x 113.81102pt.

Overfull \hbox (14.38087pt too wide) in paragraph at lines 231--280
[]$[]$ $[]$ $[]$ 
 []

<./bilder/LinAnt_Richtcharakteristika.png, id=340, 1463.4675pt x 398.48875pt>
File: ./bilder/LinAnt_Richtcharakteristika.png Graphic file (type png)

<use ./bilder/LinAnt_Richtcharakteristika.png>
Package pdftex.def Info: ./bilder/LinAnt_Richtcharakteristika.png used on input
 line 283.
(pdftex.def)             Requested size: 540.60236pt x 147.20139pt.

Underfull \vbox (badness 5490) has occurred while \output is active []

 [13 <C:/Users/dkoeppel.VIRTUALNETWORKS/git/ELT4/bilder/EMW_DHR_SenkrechtEinfal
lendeWelle.png> <C:/Users/dkoeppel.VIRTUALNETWORKS/git/ELT4/bilder/EMW_DHR_Schr
aegSenkrechtPolarisiert.png> <C:/Users/dkoeppel.VIRTUALNETWORKS/git/ELT4/bilder
/EMW_DHR_SchraegParallelPolarisiert.png> <C:/Users/dkoeppel.VIRTUALNETWORKS/git
/ELT4/bilder/LinAnt_HerzscherDipol.png> <C:/Users/dkoeppel.VIRTUALNETWORKS/git/
ELT4/bilder/LinAnt_Stromverteilung.png> <C:/Users/dkoeppel.VIRTUALNETWORKS/git/
ELT4/bilder/LinAnt_Strahlung.png>]
Underfull \hbox (badness 2310) in paragraph at lines 324--324
[]$[] [][] \OT1/pxr/m/n/10 = [] \OML/pxmi/m/it/10 Q[]$
 []


Underfull \hbox (badness 10000) in paragraph at lines 334--334
[]$[]$ \OT1/pxr/m/n/10 oh-ne Ver-schie-bungs-strom
 []


Overfull \hbox (7.04724pt too wide) in paragraph at lines 336--337
[][]\OT1/pxr/m/n/10 Umlaufspannung| 
 []


Overfull \hbox (2.24898pt too wide) in paragraph at lines 288--355
[][]
 []


Underfull \hbox (badness 10000) in paragraph at lines 288--355

 []


Underfull \hbox (badness 10000) in paragraph at lines 288--355

 []

) [14 <C:/Users/dkoeppel.VIRTUALNETWORKS/git/ELT4/bilder/LinAnt_Richtcharakteri
stika.png>] (C:\Users\dkoeppel.VIRTUALNETWORKS\git\ELT4\sections\Allgemein.tex
<./bilder/zeigerdiag-r.png, id=353, 91.34125pt x 67.25125pt>
File: ./bilder/zeigerdiag-r.png Graphic file (type png)

<use ./bilder/zeigerdiag-r.png>
Package pdftex.def Info: ./bilder/zeigerdiag-r.png used on input line 12.
(pdftex.def)             Requested size: 42.67912pt x 31.42337pt.

<./bilder/zeigerdiag-c.png, id=354, 95.35625pt x 105.39375pt>
File: ./bilder/zeigerdiag-c.png Graphic file (type png)

<use ./bilder/zeigerdiag-c.png>
Package pdftex.def Info: ./bilder/zeigerdiag-c.png used on input line 17.
(pdftex.def)             Requested size: 42.67912pt x 47.17104pt.

<./bilder/zeigerdiag-l.png, id=355, 95.35625pt x 102.3825pt>
File: ./bilder/zeigerdiag-l.png Graphic file (type png)

<use ./bilder/zeigerdiag-l.png>
Package pdftex.def Info: ./bilder/zeigerdiag-l.png used on input line 24.
(pdftex.def)             Requested size: 42.67912pt x 45.8233pt.

Overfull \hbox (26.47575pt too wide) in paragraph at lines 4--31
[][] 
 []


Package hyperref Warning: Token not allowed in a PDF string (PDFDocEncoding):
(hyperref)                removing `math shift' on input line 59.


Package hyperref Warning: Token not allowed in a PDF string (PDFDocEncoding):
(hyperref)                removing `subscript' on input line 59.


Package hyperref Warning: Token not allowed in a PDF string (PDFDocEncoding):
(hyperref)                removing `math shift' on input line 59.

) [15 <C:/Users/dkoeppel.VIRTUALNETWORKS/git/ELT4/bilder/zeigerdiag-r.png> <C:/
Users/dkoeppel.VIRTUALNETWORKS/git/ELT4/bilder/zeigerdiag-c.png> <C:/Users/dkoe
ppel.VIRTUALNETWORKS/git/ELT4/bilder/zeigerdiag-l.png>]

AED: lastpage setting LastPage
Package atveryend Info: Empty hook `BeforeClearDocument' on input line 46.
Package atveryend Info: Empty hook `AfterLastShipout' on input line 46.
(C:\Users\dkoeppel.VIRTUALNETWORKS\git\ELT4\elt4.aux)
Package atveryend Info: Executing hook `AtVeryEndDocument' on input line 46.
Package atveryend Info: Executing hook `AtEndAfterFileList' on input line 46.
Package rerunfilecheck Info: File `elt4.out' has not changed.
(rerunfilecheck)             Checksum: F6F713361301098DB3F22D69EA06378E;3296.
 ) 
Here is how much of TeX's memory you used:
 24306 strings out of 494045
 529058 string characters out of 3145912
 864526 words of memory out of 3000000
 26873 multiletter control sequences out of 15000+200000
 41865 words of font info for 124 fonts, out of 3000000 for 9000
 715 hyphenation exceptions out of 8191
 67i,23n,96p,653b,1617s stack positions out of 5000i,500n,10000p,200000b,50000s
{C:/Program Files (x86)/MiKTeX 2.9/fonts/enc/dvips/fontname/8r.enc}<C:/Progra
m Files (x86)/MiKTeX 2.9/fonts/type1/public/esint/esint10.pfb><C:/Program Files
 (x86)/MiKTeX 2.9/fonts/type1/public/pxfonts/pxex.pfb><C:/Program Files (x86)/M
iKTeX 2.9/fonts/type1/public/pxfonts/pxsy.pfb><C:/Program Files (x86)/MiKTeX 2.
9/fonts/type1/public/pxfonts/pxsya.pfb><C:/Program Files (x86)/MiKTeX 2.9/fonts
/type1/public/pxfonts/rpxb.pfb><C:/Program Files (x86)/MiKTeX 2.9/fonts/type1/p
ublic/pxfonts/rpxmi.pfb><C:/Program Files (x86)/MiKTeX 2.9/fonts/type1/public/p
xfonts/rpxr.pfb><C:/Program Files (x86)/MiKTeX 2.9/fonts/type1/public/txfonts/t
xtt.pfb><C:/Program Files (x86)/MiKTeX 2.9/fonts/type1/urw/palatino/uplb8a.pfb>
<C:/Program Files (x86)/MiKTeX 2.9/fonts/type1/urw/palatino/uplr8a.pfb><C:/Prog
ram Files (x86)/MiKTeX 2.9/fonts/type1/urw/palatino/uplri8a.pfb>
Output written on elt4.pdf (15 pages, 629318 bytes).
PDF statistics:
 419 PDF objects out of 1000 (max. 8388607)
 93 named destinations out of 1000 (max. 500000)
 621 words of extra memory for PDF output out of 10000 (max. 10000000)

