\BOOKMARK [1][-]{section.1}{Schwingkreise}{}% 1
\BOOKMARK [2][-]{subsection.1.1}{Freie Schwingung}{section.1}% 2
\BOOKMARK [2][-]{subsection.1.2}{Erzwungene Schwingung}{section.1}% 3
\BOOKMARK [2][-]{subsection.1.3}{Verlustbehafteter Schwingkreis}{section.1}% 4
\BOOKMARK [2][-]{subsection.1.4}{Resonanzkreis mit realen Elementen}{section.1}% 5
\BOOKMARK [1][-]{section.2}{RET - Reaktanz-Eintore}{}% 6
\BOOKMARK [2][-]{subsection.2.1}{Reaktanzen}{section.2}% 7
\BOOKMARK [2][-]{subsection.2.2}{Vorgehen bei Netzwerkanalyse}{section.2}% 8
\BOOKMARK [2][-]{subsection.2.3}{RET-Typen}{section.2}% 9
\BOOKMARK [2][-]{subsection.2.4}{Minimalreaktanzeintor \(MRET\)}{section.2}% 10
\BOOKMARK [2][-]{subsection.2.5}{Dualit\344t}{section.2}% 11
\BOOKMARK [2][-]{subsection.2.6}{Netzwerksynthese}{section.2}% 12
\BOOKMARK [1][-]{section.3}{Vierpole}{}% 13
\BOOKMARK [2][-]{subsection.3.1}{Vierpolgleichungen und ihre Parameter}{section.3}% 14
\BOOKMARK [2][-]{subsection.3.2}{Leerlauf und Kurzschlussimpedanzen}{section.3}% 15
\BOOKMARK [2][-]{subsection.3.3}{Zusammenschalten von 2-Toren}{section.3}% 16
\BOOKMARK [2][-]{subsection.3.4}{Umkehrung eines 2-Tores}{section.3}% 17
\BOOKMARK [2][-]{subsection.3.5}{Spezielle 2-Tore}{section.3}% 18
\BOOKMARK [1][-]{section.4}{Leitungstheorie}{}% 19
\BOOKMARK [2][-]{subsection.4.1}{Leitungsgleichungen}{section.4}% 20
\BOOKMARK [3][-]{subsubsection.4.1.1}{Verlustbehaftete Leitungen}{subsection.4.1}% 21
\BOOKMARK [3][-]{subsubsection.4.1.2}{Verlustfreie Leitungen}{subsection.4.1}% 22
\BOOKMARK [2][-]{subsection.4.2}{Kapazit\344tsbelag}{section.4}% 23
\BOOKMARK [2][-]{subsection.4.3}{Induktivit\344tsbelag}{section.4}% 24
\BOOKMARK [2][-]{subsection.4.4}{Stehende Wellen}{section.4}% 25
\BOOKMARK [3][-]{subsubsection.4.4.1}{Spezialf\344lle}{subsection.4.4}% 26
\BOOKMARK [2][-]{subsection.4.5}{Mehrfachreflexion}{section.4}% 27
\BOOKMARK [1][-]{section.5}{Smith Chart}{}% 28
\BOOKMARK [2][-]{subsection.5.1}{Eigenschaften}{section.5}% 29
\BOOKMARK [2][-]{subsection.5.2}{Formeln}{section.5}% 30
\BOOKMARK [2][-]{subsection.5.3}{Beispiele bei Z0=100}{section.5}% 31
\BOOKMARK [1][-]{section.6}{Elektromagnetische Felder}{}% 32
\BOOKMARK [2][-]{subsection.6.1}{Elektromagnetische Wellenausbreitung}{section.6}% 33
\BOOKMARK [3][-]{subsubsection.6.1.1}{Leitender Halbraum}{subsection.6.1}% 34
\BOOKMARK [3][-]{subsubsection.6.1.2}{Dielektrischer Halbraum}{subsection.6.1}% 35
\BOOKMARK [2][-]{subsection.6.2}{Hertz'scher Dipol}{section.6}% 36
\BOOKMARK [2][-]{subsection.6.3}{Lineare Antennen}{section.6}% 37
\BOOKMARK [3][-]{subsubsection.6.3.1}{Richtcharakteristika}{subsection.6.3}% 38
\BOOKMARK [1][-]{section.7}{Integral-Gesetze der Elektrotechnik}{}% 39
\BOOKMARK [1][-]{section.8}{Allgemein}{}% 40
\BOOKMARK [2][-]{subsection.8.1}{Schaltelemente bei zeitabh\344ngigen Vorg\344ngen}{section.8}% 41
\BOOKMARK [2][-]{subsection.8.2}{Vorgehen bei Schaltvorg\344ngen}{section.8}% 42
\BOOKMARK [2][-]{subsection.8.3}{Taschenrechner TI-89/Voyage 200 englisch}{section.8}% 43
\BOOKMARK [2][-]{subsection.8.4}{Vektor -/ Kreuzprodukt, Rechte-Hand-Regel}{section.8}% 44
\BOOKMARK [2][-]{subsection.8.5}{PartialbruchzerlegungS15}{section.8}% 45
\BOOKMARK [2][-]{subsection.8.6}{Komplexe Trigonometrie}{section.8}% 46
